{"timestamp":"2026-02-08T06:14:56.427306Z","level":"info","event":"DAG bundles loaded: dags-folder","logger":"airflow.dag_processing.bundles.manager.DagBundlesManager","filename":"manager.py","lineno":179}
{"timestamp":"2026-02-08T06:14:56.428619Z","level":"info","event":"Filling up the DagBag from /opt/airflow/dags/ytCommentsExtraction.py","logger":"airflow.models.dagbag.BundleDagBag","filename":"dagbag.py","lineno":593}
{"timestamp":"2026-02-08T06:14:57.790527Z","level":"warning","event":"The `airflow.decorators.task` attribute is deprecated. Please use `'airflow.sdk.task'`.","category":"DeprecatedImportWarning","filename":"/opt/airflow/dags/ytCommentsExtraction.py","lineno":2,"logger":"py.warnings"}
{"timestamp":"2026-02-08T06:14:57.821752Z","level":"info","event":"file_cache is only supported with oauth2client<4.0.0","logger":"googleapiclient.discovery_cache","filename":"__init__.py","lineno":49}
{"timestamp":"2026-02-08T06:14:57.829549Z","level":"warning","event":"Connection schemes (type: google_cloud_platform) shall not contain '_' according to RFC3986.","logger":"airflow.sdk.definitions.connection","filename":"connection.py","lineno":130}
{"timestamp":"2026-02-08T06:14:59.063048Z","level":"info","event":"Data stream uploaded to bronze/youtube/comments/dt=2026-02-08/q=เลือกตั้ง69/v=qh3L4b4eP7c.json in th-pm-election-2026-project bucket","logger":"airflow.task.hooks.airflow.providers.google.cloud.hooks.gcs.GCSHook","filename":"gcs.py","lineno":588}
{"timestamp":"2026-02-08T06:15:00.079267Z","level":"info","event":"Data stream uploaded to bronze/youtube/comments/dt=2026-02-08/q=เลือกตั้ง69/v=NHtYNehbdxY.json in th-pm-election-2026-project bucket","logger":"airflow.task.hooks.airflow.providers.google.cloud.hooks.gcs.GCSHook","filename":"gcs.py","lineno":588}
{"timestamp":"2026-02-08T06:15:01.036838Z","level":"info","event":"Data stream uploaded to bronze/youtube/comments/dt=2026-02-08/q=เลือกตั้ง69/v=eP0p1Zp6Ju0.json in th-pm-election-2026-project bucket","logger":"airflow.task.hooks.airflow.providers.google.cloud.hooks.gcs.GCSHook","filename":"gcs.py","lineno":588}
{"timestamp":"2026-02-08T06:15:02.011523Z","level":"info","event":"Data stream uploaded to bronze/youtube/comments/dt=2026-02-08/q=เลือกตั้ง69/v=OJ-NVMEaSMI.json in th-pm-election-2026-project bucket","logger":"airflow.task.hooks.airflow.providers.google.cloud.hooks.gcs.GCSHook","filename":"gcs.py","lineno":588}
{"timestamp":"2026-02-08T06:15:03.107711Z","level":"info","event":"Data stream uploaded to bronze/youtube/comments/dt=2026-02-08/q=เลือกตั้ง69/v=iUAnSUgbfBA.json in th-pm-election-2026-project bucket","logger":"airflow.task.hooks.airflow.providers.google.cloud.hooks.gcs.GCSHook","filename":"gcs.py","lineno":588}
{"timestamp":"2026-02-08T06:15:03.752728Z","level":"info","event":"Data stream uploaded to bronze/youtube/comments/dt=2026-02-08/q=เลือกตั้ง69/v=em_PuyyckQ8.json in th-pm-election-2026-project bucket","logger":"airflow.task.hooks.airflow.providers.google.cloud.hooks.gcs.GCSHook","filename":"gcs.py","lineno":588}
{"timestamp":"2026-02-08T06:15:03.798852Z","level":"warning","event":"Encountered 403 Forbidden with reason \"commentsDisabled\"","logger":"googleapiclient.http","filename":"http.py","lineno":140}
{"timestamp":"2026-02-08T06:15:03.799637Z","level":"info","event":"skipping pjQOPlyJt8s","logger":"task.stdout"}
{"timestamp":"2026-02-08T06:15:04.751268Z","level":"info","event":"Data stream uploaded to bronze/youtube/comments/dt=2026-02-08/q=เลือกตั้ง69/v=jVYVhvVxnxA.json in th-pm-election-2026-project bucket","logger":"airflow.task.hooks.airflow.providers.google.cloud.hooks.gcs.GCSHook","filename":"gcs.py","lineno":588}
{"timestamp":"2026-02-08T06:15:05.164465Z","level":"info","event":"Data stream uploaded to bronze/youtube/comments/dt=2026-02-08/q=เลือกตั้ง69/v=MBbnD2Osp4E.json in th-pm-election-2026-project bucket","logger":"airflow.task.hooks.airflow.providers.google.cloud.hooks.gcs.GCSHook","filename":"gcs.py","lineno":588}
{"timestamp":"2026-02-08T06:15:06.099613Z","level":"info","event":"Data stream uploaded to bronze/youtube/comments/dt=2026-02-08/q=เลือกตั้ง69/v=pTMJXM8LH7M.json in th-pm-election-2026-project bucket","logger":"airflow.task.hooks.airflow.providers.google.cloud.hooks.gcs.GCSHook","filename":"gcs.py","lineno":588}
{"timestamp":"2026-02-08T06:15:07.122161Z","level":"info","event":"Data stream uploaded to bronze/youtube/comments/dt=2026-02-08/q=เลือกตั้ง69/v=XszQ7-HvJ9I.json in th-pm-election-2026-project bucket","logger":"airflow.task.hooks.airflow.providers.google.cloud.hooks.gcs.GCSHook","filename":"gcs.py","lineno":588}
{"timestamp":"2026-02-08T06:15:07.593896Z","level":"info","event":"Data stream uploaded to bronze/youtube/comments/dt=2026-02-08/q=เลือกตั้ง69/v=_ND9s5scQ8o.json in th-pm-election-2026-project bucket","logger":"airflow.task.hooks.airflow.providers.google.cloud.hooks.gcs.GCSHook","filename":"gcs.py","lineno":588}
{"timestamp":"2026-02-08T06:15:08.654721Z","level":"info","event":"Data stream uploaded to bronze/youtube/comments/dt=2026-02-08/q=เลือกตั้ง69/v=T399gPh-FLs.json in th-pm-election-2026-project bucket","logger":"airflow.task.hooks.airflow.providers.google.cloud.hooks.gcs.GCSHook","filename":"gcs.py","lineno":588}
{"timestamp":"2026-02-08T06:15:09.425129Z","level":"info","event":"Data stream uploaded to bronze/youtube/comments/dt=2026-02-08/q=เลือกตั้ง69/v=mT6SXknwos8.json in th-pm-election-2026-project bucket","logger":"airflow.task.hooks.airflow.providers.google.cloud.hooks.gcs.GCSHook","filename":"gcs.py","lineno":588}
{"timestamp":"2026-02-08T06:15:10.352696Z","level":"info","event":"Data stream uploaded to bronze/youtube/comments/dt=2026-02-08/q=เลือกตั้ง69/v=TeC9ibWtkd4.json in th-pm-election-2026-project bucket","logger":"airflow.task.hooks.airflow.providers.google.cloud.hooks.gcs.GCSHook","filename":"gcs.py","lineno":588}
{"timestamp":"2026-02-08T06:15:11.307824Z","level":"info","event":"Data stream uploaded to bronze/youtube/comments/dt=2026-02-08/q=เลือกตั้ง69/v=oDCA71sC65I.json in th-pm-election-2026-project bucket","logger":"airflow.task.hooks.airflow.providers.google.cloud.hooks.gcs.GCSHook","filename":"gcs.py","lineno":588}
{"timestamp":"2026-02-08T06:15:12.142497Z","level":"info","event":"Data stream uploaded to bronze/youtube/comments/dt=2026-02-08/q=เลือกตั้ง69/v=XitzJouFw4s.json in th-pm-election-2026-project bucket","logger":"airflow.task.hooks.airflow.providers.google.cloud.hooks.gcs.GCSHook","filename":"gcs.py","lineno":588}
{"timestamp":"2026-02-08T06:15:13.041192Z","level":"info","event":"Data stream uploaded to bronze/youtube/comments/dt=2026-02-08/q=เลือกตั้ง69/v=3TDGuBv4Cgs.json in th-pm-election-2026-project bucket","logger":"airflow.task.hooks.airflow.providers.google.cloud.hooks.gcs.GCSHook","filename":"gcs.py","lineno":588}
{"timestamp":"2026-02-08T06:15:13.677373Z","level":"info","event":"Data stream uploaded to bronze/youtube/comments/dt=2026-02-08/q=เลือกตั้ง69/v=4i2nU2QnxV4.json in th-pm-election-2026-project bucket","logger":"airflow.task.hooks.airflow.providers.google.cloud.hooks.gcs.GCSHook","filename":"gcs.py","lineno":588}
{"timestamp":"2026-02-08T06:15:14.226404Z","level":"info","event":"Data stream uploaded to bronze/youtube/comments/dt=2026-02-08/q=เลือกตั้ง69/v=YFxdV_eQFis.json in th-pm-election-2026-project bucket","logger":"airflow.task.hooks.airflow.providers.google.cloud.hooks.gcs.GCSHook","filename":"gcs.py","lineno":588}
{"timestamp":"2026-02-08T06:15:15.067357Z","level":"info","event":"Data stream uploaded to bronze/youtube/comments/dt=2026-02-08/q=เลือกตั้ง69/v=4DlgFOT2mPY.json in th-pm-election-2026-project bucket","logger":"airflow.task.hooks.airflow.providers.google.cloud.hooks.gcs.GCSHook","filename":"gcs.py","lineno":588}
{"timestamp":"2026-02-08T06:15:15.738078Z","level":"info","event":"Data stream uploaded to bronze/youtube/comments/dt=2026-02-08/q=เลือกตั้ง69/v=8hlp8E4vNxE.json in th-pm-election-2026-project bucket","logger":"airflow.task.hooks.airflow.providers.google.cloud.hooks.gcs.GCSHook","filename":"gcs.py","lineno":588}
{"timestamp":"2026-02-08T06:15:16.390586Z","level":"info","event":"Data stream uploaded to bronze/youtube/comments/dt=2026-02-08/q=เลือกตั้ง69/v=g6uSzfc5zLg.json in th-pm-election-2026-project bucket","logger":"airflow.task.hooks.airflow.providers.google.cloud.hooks.gcs.GCSHook","filename":"gcs.py","lineno":588}
{"timestamp":"2026-02-08T06:15:16.436722Z","level":"warning","event":"Encountered 403 Forbidden with reason \"commentsDisabled\"","logger":"googleapiclient.http","filename":"http.py","lineno":140}
{"timestamp":"2026-02-08T06:15:16.437504Z","level":"info","event":"skipping vuZNyu3LOwE","logger":"task.stdout"}
{"timestamp":"2026-02-08T06:15:17.441405Z","level":"info","event":"Data stream uploaded to bronze/youtube/comments/dt=2026-02-08/q=เลือกตั้ง69/v=Zl5jvh4_0Zs.json in th-pm-election-2026-project bucket","logger":"airflow.task.hooks.airflow.providers.google.cloud.hooks.gcs.GCSHook","filename":"gcs.py","lineno":588}
{"timestamp":"2026-02-08T06:15:17.490827Z","level":"warning","event":"Encountered 403 Forbidden with reason \"commentsDisabled\"","logger":"googleapiclient.http","filename":"http.py","lineno":140}
{"timestamp":"2026-02-08T06:15:17.491560Z","level":"info","event":"skipping ITdCmaEh5aY","logger":"task.stdout"}
{"timestamp":"2026-02-08T06:15:18.279717Z","level":"info","event":"Data stream uploaded to bronze/youtube/comments/dt=2026-02-08/q=เลือกตั้ง69/v=YRjIBRiJ7fs.json in th-pm-election-2026-project bucket","logger":"airflow.task.hooks.airflow.providers.google.cloud.hooks.gcs.GCSHook","filename":"gcs.py","lineno":588}
{"timestamp":"2026-02-08T06:15:19.183962Z","level":"info","event":"Data stream uploaded to bronze/youtube/comments/dt=2026-02-08/q=เลือกตั้ง69/v=9FpBayIImY4.json in th-pm-election-2026-project bucket","logger":"airflow.task.hooks.airflow.providers.google.cloud.hooks.gcs.GCSHook","filename":"gcs.py","lineno":588}
{"timestamp":"2026-02-08T06:15:20.534145Z","level":"info","event":"Data stream uploaded to bronze/youtube/comments/dt=2026-02-08/q=เลือกตั้ง69/v=pyxgyqoSMf4.json in th-pm-election-2026-project bucket","logger":"airflow.task.hooks.airflow.providers.google.cloud.hooks.gcs.GCSHook","filename":"gcs.py","lineno":588}
{"timestamp":"2026-02-08T06:15:21.959302Z","level":"info","event":"Data stream uploaded to bronze/youtube/comments/dt=2026-02-08/q=เลือกตั้ง69/v=3aXyfMtYU3Y.json in th-pm-election-2026-project bucket","logger":"airflow.task.hooks.airflow.providers.google.cloud.hooks.gcs.GCSHook","filename":"gcs.py","lineno":588}
{"timestamp":"2026-02-08T06:15:22.547430Z","level":"info","event":"Data stream uploaded to bronze/youtube/comments/dt=2026-02-08/q=เลือกตั้ง69/v=6snxuqMHwfY.json in th-pm-election-2026-project bucket","logger":"airflow.task.hooks.airflow.providers.google.cloud.hooks.gcs.GCSHook","filename":"gcs.py","lineno":588}
{"timestamp":"2026-02-08T06:15:23.193256Z","level":"info","event":"Data stream uploaded to bronze/youtube/comments/dt=2026-02-08/q=เลือกตั้ง69/v=X_LwCcKkd6w.json in th-pm-election-2026-project bucket","logger":"airflow.task.hooks.airflow.providers.google.cloud.hooks.gcs.GCSHook","filename":"gcs.py","lineno":588}
{"timestamp":"2026-02-08T06:15:25.509382Z","level":"info","event":"Data stream uploaded to bronze/youtube/comments/dt=2026-02-08/q=เลือกตั้ง69/v=yZYIouMB3xo.json in th-pm-election-2026-project bucket","logger":"airflow.task.hooks.airflow.providers.google.cloud.hooks.gcs.GCSHook","filename":"gcs.py","lineno":588}
{"timestamp":"2026-02-08T06:15:26.045435Z","level":"info","event":"Data stream uploaded to bronze/youtube/comments/dt=2026-02-08/q=เลือกตั้ง69/v=LHfs3gc8WIU.json in th-pm-election-2026-project bucket","logger":"airflow.task.hooks.airflow.providers.google.cloud.hooks.gcs.GCSHook","filename":"gcs.py","lineno":588}
{"timestamp":"2026-02-08T06:15:26.969510Z","level":"info","event":"Data stream uploaded to bronze/youtube/comments/dt=2026-02-08/q=เลือกตั้ง69/v=smyWf1lLf9g.json in th-pm-election-2026-project bucket","logger":"airflow.task.hooks.airflow.providers.google.cloud.hooks.gcs.GCSHook","filename":"gcs.py","lineno":588}
{"timestamp":"2026-02-08T06:15:27.921569Z","level":"info","event":"Data stream uploaded to bronze/youtube/comments/dt=2026-02-08/q=เลือกตั้ง69/v=2u193IvpWnA.json in th-pm-election-2026-project bucket","logger":"airflow.task.hooks.airflow.providers.google.cloud.hooks.gcs.GCSHook","filename":"gcs.py","lineno":588}
{"timestamp":"2026-02-08T06:15:28.934678Z","level":"info","event":"Data stream uploaded to bronze/youtube/comments/dt=2026-02-08/q=เลือกตั้ง69/v=pz1qXcfJ37I.json in th-pm-election-2026-project bucket","logger":"airflow.task.hooks.airflow.providers.google.cloud.hooks.gcs.GCSHook","filename":"gcs.py","lineno":588}
{"timestamp":"2026-02-08T06:15:30.016426Z","level":"info","event":"Data stream uploaded to bronze/youtube/comments/dt=2026-02-08/q=เลือกตั้ง69/v=DItEWe3h9Jk.json in th-pm-election-2026-project bucket","logger":"airflow.task.hooks.airflow.providers.google.cloud.hooks.gcs.GCSHook","filename":"gcs.py","lineno":588}
{"timestamp":"2026-02-08T06:15:30.913582Z","level":"info","event":"Data stream uploaded to bronze/youtube/comments/dt=2026-02-08/q=เลือกตั้ง69/v=-U158LtbAVg.json in th-pm-election-2026-project bucket","logger":"airflow.task.hooks.airflow.providers.google.cloud.hooks.gcs.GCSHook","filename":"gcs.py","lineno":588}
{"timestamp":"2026-02-08T06:15:31.912239Z","level":"info","event":"Data stream uploaded to bronze/youtube/comments/dt=2026-02-08/q=เลือกตั้ง69/v=Rg8ujzM2xZ0.json in th-pm-election-2026-project bucket","logger":"airflow.task.hooks.airflow.providers.google.cloud.hooks.gcs.GCSHook","filename":"gcs.py","lineno":588}
{"timestamp":"2026-02-08T06:15:33.204542Z","level":"info","event":"Data stream uploaded to bronze/youtube/comments/dt=2026-02-08/q=เลือกตั้ง69/v=cUtuVn4SS_0.json in th-pm-election-2026-project bucket","logger":"airflow.task.hooks.airflow.providers.google.cloud.hooks.gcs.GCSHook","filename":"gcs.py","lineno":588}
{"timestamp":"2026-02-08T06:15:33.701780Z","level":"info","event":"Data stream uploaded to bronze/youtube/comments/dt=2026-02-08/q=เลือกตั้ง69/v=E1_Nj3x3_iA.json in th-pm-election-2026-project bucket","logger":"airflow.task.hooks.airflow.providers.google.cloud.hooks.gcs.GCSHook","filename":"gcs.py","lineno":588}
{"timestamp":"2026-02-08T06:15:34.421231Z","level":"info","event":"Data stream uploaded to bronze/youtube/comments/dt=2026-02-08/q=เลือกตั้ง69/v=SNPqaGjensc.json in th-pm-election-2026-project bucket","logger":"airflow.task.hooks.airflow.providers.google.cloud.hooks.gcs.GCSHook","filename":"gcs.py","lineno":588}
{"timestamp":"2026-02-08T06:15:34.469676Z","level":"warning","event":"Encountered 403 Forbidden with reason \"commentsDisabled\"","logger":"googleapiclient.http","filename":"http.py","lineno":140}
{"timestamp":"2026-02-08T06:15:34.470993Z","level":"info","event":"skipping rtBZ9_VyJeY","logger":"task.stdout"}
{"timestamp":"2026-02-08T06:15:35.647806Z","level":"info","event":"Data stream uploaded to bronze/youtube/comments/dt=2026-02-08/q=เลือกตั้ง69/v=WWw3MR43n7k.json in th-pm-election-2026-project bucket","logger":"airflow.task.hooks.airflow.providers.google.cloud.hooks.gcs.GCSHook","filename":"gcs.py","lineno":588}
{"timestamp":"2026-02-08T06:15:36.436929Z","level":"info","event":"Data stream uploaded to bronze/youtube/comments/dt=2026-02-08/q=เลือกตั้ง69/v=_g-giGWSkvM.json in th-pm-election-2026-project bucket","logger":"airflow.task.hooks.airflow.providers.google.cloud.hooks.gcs.GCSHook","filename":"gcs.py","lineno":588}
{"timestamp":"2026-02-08T06:15:37.440873Z","level":"info","event":"Data stream uploaded to bronze/youtube/comments/dt=2026-02-08/q=เลือกตั้ง69/v=W4XF90we1YQ.json in th-pm-election-2026-project bucket","logger":"airflow.task.hooks.airflow.providers.google.cloud.hooks.gcs.GCSHook","filename":"gcs.py","lineno":588}
{"timestamp":"2026-02-08T06:15:38.353596Z","level":"info","event":"Data stream uploaded to bronze/youtube/comments/dt=2026-02-08/q=เลือกตั้ง69/v=RatNbQ5b6_Q.json in th-pm-election-2026-project bucket","logger":"airflow.task.hooks.airflow.providers.google.cloud.hooks.gcs.GCSHook","filename":"gcs.py","lineno":588}
{"timestamp":"2026-02-08T06:15:38.832867Z","level":"info","event":"Data stream uploaded to bronze/youtube/comments/dt=2026-02-08/q=เลือกตั้ง69/v=7d84w08TMGw.json in th-pm-election-2026-project bucket","logger":"airflow.task.hooks.airflow.providers.google.cloud.hooks.gcs.GCSHook","filename":"gcs.py","lineno":588}
{"timestamp":"2026-02-08T06:15:39.392778Z","level":"info","event":"Data stream uploaded to bronze/youtube/comments/dt=2026-02-08/q=เลือกตั้ง69/v=M8ioiP8syhs.json in th-pm-election-2026-project bucket","logger":"airflow.task.hooks.airflow.providers.google.cloud.hooks.gcs.GCSHook","filename":"gcs.py","lineno":588}
{"timestamp":"2026-02-08T06:15:39.393399Z","level":"info","event":"Done. Returned value was: []","logger":"airflow.task.operators.airflow.providers.standard.decorators.python._PythonDecoratedOperator","filename":"python.py","lineno":230}
{"timestamp":"2026-02-08T06:15:39.394329Z","level":"info","event":"Pushing xcom","ti":"RuntimeTaskInstance(id=UUID('019c3be3-7dec-71c9-93f3-4075142fd0d4'), task_id='fetch_and_save_comments', dag_id='youtube_comments_with_context_manager', run_id='manual__2026-02-08T06:14:50.571796+00:00', try_number=1, dag_version_id=UUID('019c3bcd-f114-7909-8de3-101673e42abc'), map_index=0, hostname='426b734b5655', context_carrier={}, task=<Task(_PythonDecoratedOperator): fetch_and_save_comments>, bundle_instance=LocalDagBundle(name=dags-folder), max_tries=0, start_date=datetime.datetime(2026, 2, 8, 6, 14, 56, 380103, tzinfo=datetime.timezone.utc), end_date=None, state=<TaskInstanceState.RUNNING: 'running'>, is_mapped=True, rendered_map_index=None)","logger":"task","filename":"task_runner.py","lineno":1522}
