{"timestamp":"2026-02-10T00:12:49.367921Z","level":"info","event":"DAG bundles loaded: dags-folder","logger":"airflow.dag_processing.bundles.manager.DagBundlesManager","filename":"manager.py","lineno":179}
{"timestamp":"2026-02-10T00:12:49.368960Z","level":"info","event":"Filling up the DagBag from /opt/airflow/dags/ytCommentsExtraction.py","logger":"airflow.models.dagbag.BundleDagBag","filename":"dagbag.py","lineno":593}
{"timestamp":"2026-02-10T00:12:52.359085Z","level":"warning","event":"The `airflow.decorators.task` attribute is deprecated. Please use `'airflow.sdk.task'`.","category":"DeprecatedImportWarning","filename":"/opt/airflow/dags/ytCommentsExtraction.py","lineno":2,"logger":"py.warnings"}
{"timestamp":"2026-02-10T00:12:52.481614Z","level":"info","event":"file_cache is only supported with oauth2client<4.0.0","logger":"googleapiclient.discovery_cache","filename":"__init__.py","lineno":49}
{"timestamp":"2026-02-10T00:12:52.517094Z","level":"warning","event":"Connection schemes (type: google_cloud_platform) shall not contain '_' according to RFC3986.","logger":"airflow.sdk.definitions.connection","filename":"connection.py","lineno":130}
{"timestamp":"2026-02-10T00:12:54.491480Z","level":"info","event":"Data stream uploaded to bronze/youtube/comments/dt=2026-02-10/q=พรรคประชาชน/v=iymxtv2Gzd8.json in th-pm-election-2026-project bucket","logger":"airflow.task.hooks.airflow.providers.google.cloud.hooks.gcs.GCSHook","filename":"gcs.py","lineno":588}
{"timestamp":"2026-02-10T00:12:55.817209Z","level":"info","event":"Data stream uploaded to bronze/youtube/comments/dt=2026-02-10/q=พรรคประชาชน/v=FSmoMp7SYe0.json in th-pm-election-2026-project bucket","logger":"airflow.task.hooks.airflow.providers.google.cloud.hooks.gcs.GCSHook","filename":"gcs.py","lineno":588}
{"timestamp":"2026-02-10T00:12:56.789866Z","level":"info","event":"Data stream uploaded to bronze/youtube/comments/dt=2026-02-10/q=พรรคประชาชน/v=UwNg7JaGA4E.json in th-pm-election-2026-project bucket","logger":"airflow.task.hooks.airflow.providers.google.cloud.hooks.gcs.GCSHook","filename":"gcs.py","lineno":588}
{"timestamp":"2026-02-10T00:12:57.725570Z","level":"info","event":"Data stream uploaded to bronze/youtube/comments/dt=2026-02-10/q=พรรคประชาชน/v=9FLaGtqebsY.json in th-pm-election-2026-project bucket","logger":"airflow.task.hooks.airflow.providers.google.cloud.hooks.gcs.GCSHook","filename":"gcs.py","lineno":588}
{"timestamp":"2026-02-10T00:12:58.768471Z","level":"info","event":"Data stream uploaded to bronze/youtube/comments/dt=2026-02-10/q=พรรคประชาชน/v=utw-6XMKbPc.json in th-pm-election-2026-project bucket","logger":"airflow.task.hooks.airflow.providers.google.cloud.hooks.gcs.GCSHook","filename":"gcs.py","lineno":588}
{"timestamp":"2026-02-10T00:12:59.674058Z","level":"info","event":"Data stream uploaded to bronze/youtube/comments/dt=2026-02-10/q=พรรคประชาชน/v=tVMrhQw4Bv8.json in th-pm-election-2026-project bucket","logger":"airflow.task.hooks.airflow.providers.google.cloud.hooks.gcs.GCSHook","filename":"gcs.py","lineno":588}
{"timestamp":"2026-02-10T00:13:00.632479Z","level":"info","event":"Data stream uploaded to bronze/youtube/comments/dt=2026-02-10/q=พรรคประชาชน/v=OikscfbS4bM.json in th-pm-election-2026-project bucket","logger":"airflow.task.hooks.airflow.providers.google.cloud.hooks.gcs.GCSHook","filename":"gcs.py","lineno":588}
{"timestamp":"2026-02-10T00:28:16.965540Z","level":"info","event":"Data stream uploaded to bronze/youtube/comments/dt=2026-02-10/q=พรรคประชาชน/v=VeBpF3rPb7Y.json in th-pm-election-2026-project bucket","logger":"airflow.task.hooks.airflow.providers.google.cloud.hooks.gcs.GCSHook","filename":"gcs.py","lineno":588}
{"timestamp":"2026-02-10T00:28:17.848535Z","level":"info","event":"Data stream uploaded to bronze/youtube/comments/dt=2026-02-10/q=พรรคประชาชน/v=f2MLnzXj0rI.json in th-pm-election-2026-project bucket","logger":"airflow.task.hooks.airflow.providers.google.cloud.hooks.gcs.GCSHook","filename":"gcs.py","lineno":588}
{"timestamp":"2026-02-10T00:28:18.782448Z","level":"info","event":"Data stream uploaded to bronze/youtube/comments/dt=2026-02-10/q=พรรคประชาชน/v=INQgSOPwIz0.json in th-pm-election-2026-project bucket","logger":"airflow.task.hooks.airflow.providers.google.cloud.hooks.gcs.GCSHook","filename":"gcs.py","lineno":588}
{"timestamp":"2026-02-10T00:28:19.733420Z","level":"info","event":"Data stream uploaded to bronze/youtube/comments/dt=2026-02-10/q=พรรคประชาชน/v=AZp55VG5ytc.json in th-pm-election-2026-project bucket","logger":"airflow.task.hooks.airflow.providers.google.cloud.hooks.gcs.GCSHook","filename":"gcs.py","lineno":588}
{"timestamp":"2026-02-10T00:28:20.846423Z","level":"info","event":"Data stream uploaded to bronze/youtube/comments/dt=2026-02-10/q=พรรคประชาชน/v=ExctLLQcmJM.json in th-pm-election-2026-project bucket","logger":"airflow.task.hooks.airflow.providers.google.cloud.hooks.gcs.GCSHook","filename":"gcs.py","lineno":588}
{"timestamp":"2026-02-10T00:28:21.767656Z","level":"info","event":"Data stream uploaded to bronze/youtube/comments/dt=2026-02-10/q=พรรคประชาชน/v=E_AVIuyZeWY.json in th-pm-election-2026-project bucket","logger":"airflow.task.hooks.airflow.providers.google.cloud.hooks.gcs.GCSHook","filename":"gcs.py","lineno":588}
{"timestamp":"2026-02-10T00:28:22.915752Z","level":"info","event":"Data stream uploaded to bronze/youtube/comments/dt=2026-02-10/q=พรรคประชาชน/v=CmRVzsKUB1w.json in th-pm-election-2026-project bucket","logger":"airflow.task.hooks.airflow.providers.google.cloud.hooks.gcs.GCSHook","filename":"gcs.py","lineno":588}
{"timestamp":"2026-02-10T00:28:23.738931Z","level":"info","event":"Data stream uploaded to bronze/youtube/comments/dt=2026-02-10/q=พรรคประชาชน/v=Flz3EamoVOI.json in th-pm-election-2026-project bucket","logger":"airflow.task.hooks.airflow.providers.google.cloud.hooks.gcs.GCSHook","filename":"gcs.py","lineno":588}
{"timestamp":"2026-02-10T00:28:24.868638Z","level":"info","event":"Data stream uploaded to bronze/youtube/comments/dt=2026-02-10/q=พรรคประชาชน/v=mn6O6S6t4pc.json in th-pm-election-2026-project bucket","logger":"airflow.task.hooks.airflow.providers.google.cloud.hooks.gcs.GCSHook","filename":"gcs.py","lineno":588}
{"timestamp":"2026-02-10T00:28:25.716263Z","level":"info","event":"Data stream uploaded to bronze/youtube/comments/dt=2026-02-10/q=พรรคประชาชน/v=NAGX4scgXY0.json in th-pm-election-2026-project bucket","logger":"airflow.task.hooks.airflow.providers.google.cloud.hooks.gcs.GCSHook","filename":"gcs.py","lineno":588}
{"timestamp":"2026-02-10T00:28:27.307933Z","level":"info","event":"Data stream uploaded to bronze/youtube/comments/dt=2026-02-10/q=พรรคประชาชน/v=n1bHlMoglxg.json in th-pm-election-2026-project bucket","logger":"airflow.task.hooks.airflow.providers.google.cloud.hooks.gcs.GCSHook","filename":"gcs.py","lineno":588}
{"timestamp":"2026-02-10T00:28:28.273105Z","level":"info","event":"Data stream uploaded to bronze/youtube/comments/dt=2026-02-10/q=พรรคประชาชน/v=TSjG0lMDkmo.json in th-pm-election-2026-project bucket","logger":"airflow.task.hooks.airflow.providers.google.cloud.hooks.gcs.GCSHook","filename":"gcs.py","lineno":588}
{"timestamp":"2026-02-10T00:28:29.193139Z","level":"info","event":"Data stream uploaded to bronze/youtube/comments/dt=2026-02-10/q=พรรคประชาชน/v=qwyKUeEKg5w.json in th-pm-election-2026-project bucket","logger":"airflow.task.hooks.airflow.providers.google.cloud.hooks.gcs.GCSHook","filename":"gcs.py","lineno":588}
{"timestamp":"2026-02-10T00:28:30.116094Z","level":"info","event":"Data stream uploaded to bronze/youtube/comments/dt=2026-02-10/q=พรรคประชาชน/v=psWSkgucJGw.json in th-pm-election-2026-project bucket","logger":"airflow.task.hooks.airflow.providers.google.cloud.hooks.gcs.GCSHook","filename":"gcs.py","lineno":588}
{"timestamp":"2026-02-10T00:28:31.034777Z","level":"info","event":"Data stream uploaded to bronze/youtube/comments/dt=2026-02-10/q=พรรคประชาชน/v=1LOgeogVMN8.json in th-pm-election-2026-project bucket","logger":"airflow.task.hooks.airflow.providers.google.cloud.hooks.gcs.GCSHook","filename":"gcs.py","lineno":588}
{"timestamp":"2026-02-10T00:28:31.744773Z","level":"info","event":"Data stream uploaded to bronze/youtube/comments/dt=2026-02-10/q=พรรคประชาชน/v=haKEXE4Zmqg.json in th-pm-election-2026-project bucket","logger":"airflow.task.hooks.airflow.providers.google.cloud.hooks.gcs.GCSHook","filename":"gcs.py","lineno":588}
