{"timestamp":"2026-02-10T00:12:49.345268Z","level":"info","event":"DAG bundles loaded: dags-folder","logger":"airflow.dag_processing.bundles.manager.DagBundlesManager","filename":"manager.py","lineno":179}
{"timestamp":"2026-02-10T00:12:49.346121Z","level":"info","event":"Filling up the DagBag from /opt/airflow/dags/ytCommentsExtraction.py","logger":"airflow.models.dagbag.BundleDagBag","filename":"dagbag.py","lineno":593}
{"timestamp":"2026-02-10T00:12:52.437488Z","level":"warning","event":"The `airflow.decorators.task` attribute is deprecated. Please use `'airflow.sdk.task'`.","category":"DeprecatedImportWarning","filename":"/opt/airflow/dags/ytCommentsExtraction.py","lineno":2,"logger":"py.warnings"}
{"timestamp":"2026-02-10T00:12:52.541127Z","level":"info","event":"file_cache is only supported with oauth2client<4.0.0","logger":"googleapiclient.discovery_cache","filename":"__init__.py","lineno":49}
{"timestamp":"2026-02-10T00:12:52.561734Z","level":"warning","event":"Connection schemes (type: google_cloud_platform) shall not contain '_' according to RFC3986.","logger":"airflow.sdk.definitions.connection","filename":"connection.py","lineno":130}
{"timestamp":"2026-02-10T00:12:54.162760Z","level":"info","event":"Data stream uploaded to bronze/youtube/comments/dt=2026-02-10/q=เลือกตั้ง69/v=RK4jYfq3IwE.json in th-pm-election-2026-project bucket","logger":"airflow.task.hooks.airflow.providers.google.cloud.hooks.gcs.GCSHook","filename":"gcs.py","lineno":588}
{"timestamp":"2026-02-10T00:12:55.217770Z","level":"info","event":"Data stream uploaded to bronze/youtube/comments/dt=2026-02-10/q=เลือกตั้ง69/v=nYQDGyxeFOA.json in th-pm-election-2026-project bucket","logger":"airflow.task.hooks.airflow.providers.google.cloud.hooks.gcs.GCSHook","filename":"gcs.py","lineno":588}
{"timestamp":"2026-02-10T00:12:56.129842Z","level":"info","event":"Data stream uploaded to bronze/youtube/comments/dt=2026-02-10/q=เลือกตั้ง69/v=1rXLfUthG84.json in th-pm-election-2026-project bucket","logger":"airflow.task.hooks.airflow.providers.google.cloud.hooks.gcs.GCSHook","filename":"gcs.py","lineno":588}
{"timestamp":"2026-02-10T00:12:57.259543Z","level":"info","event":"Data stream uploaded to bronze/youtube/comments/dt=2026-02-10/q=เลือกตั้ง69/v=narR5NyRIR8.json in th-pm-election-2026-project bucket","logger":"airflow.task.hooks.airflow.providers.google.cloud.hooks.gcs.GCSHook","filename":"gcs.py","lineno":588}
{"timestamp":"2026-02-10T00:12:58.187876Z","level":"info","event":"Data stream uploaded to bronze/youtube/comments/dt=2026-02-10/q=เลือกตั้ง69/v=INQgSOPwIz0.json in th-pm-election-2026-project bucket","logger":"airflow.task.hooks.airflow.providers.google.cloud.hooks.gcs.GCSHook","filename":"gcs.py","lineno":588}
{"timestamp":"2026-02-10T00:12:59.279573Z","level":"info","event":"Data stream uploaded to bronze/youtube/comments/dt=2026-02-10/q=เลือกตั้ง69/v=vcNhgRi8HcE.json in th-pm-election-2026-project bucket","logger":"airflow.task.hooks.airflow.providers.google.cloud.hooks.gcs.GCSHook","filename":"gcs.py","lineno":588}
{"timestamp":"2026-02-10T00:12:59.998949Z","level":"info","event":"Data stream uploaded to bronze/youtube/comments/dt=2026-02-10/q=เลือกตั้ง69/v=j-tmSKLQKSI.json in th-pm-election-2026-project bucket","logger":"airflow.task.hooks.airflow.providers.google.cloud.hooks.gcs.GCSHook","filename":"gcs.py","lineno":588}
{"timestamp":"2026-02-10T00:28:16.817137Z","level":"info","event":"Data stream uploaded to bronze/youtube/comments/dt=2026-02-10/q=เลือกตั้ง69/v=nBviOY1f4sk.json in th-pm-election-2026-project bucket","logger":"airflow.task.hooks.airflow.providers.google.cloud.hooks.gcs.GCSHook","filename":"gcs.py","lineno":588}
{"timestamp":"2026-02-10T00:28:17.967756Z","level":"info","event":"Data stream uploaded to bronze/youtube/comments/dt=2026-02-10/q=เลือกตั้ง69/v=x-bhbBmXxMw.json in th-pm-election-2026-project bucket","logger":"airflow.task.hooks.airflow.providers.google.cloud.hooks.gcs.GCSHook","filename":"gcs.py","lineno":588}
{"timestamp":"2026-02-10T00:28:18.884843Z","level":"info","event":"Data stream uploaded to bronze/youtube/comments/dt=2026-02-10/q=เลือกตั้ง69/v=KI8V_MgygxI.json in th-pm-election-2026-project bucket","logger":"airflow.task.hooks.airflow.providers.google.cloud.hooks.gcs.GCSHook","filename":"gcs.py","lineno":588}
{"timestamp":"2026-02-10T00:28:19.799465Z","level":"info","event":"Data stream uploaded to bronze/youtube/comments/dt=2026-02-10/q=เลือกตั้ง69/v=k_U2qHXPO_U.json in th-pm-election-2026-project bucket","logger":"airflow.task.hooks.airflow.providers.google.cloud.hooks.gcs.GCSHook","filename":"gcs.py","lineno":588}
{"timestamp":"2026-02-10T00:28:20.803892Z","level":"info","event":"Data stream uploaded to bronze/youtube/comments/dt=2026-02-10/q=เลือกตั้ง69/v=cVM60K-D_TY.json in th-pm-election-2026-project bucket","logger":"airflow.task.hooks.airflow.providers.google.cloud.hooks.gcs.GCSHook","filename":"gcs.py","lineno":588}
{"timestamp":"2026-02-10T00:28:21.705918Z","level":"info","event":"Data stream uploaded to bronze/youtube/comments/dt=2026-02-10/q=เลือกตั้ง69/v=dOibGuqRWuk.json in th-pm-election-2026-project bucket","logger":"airflow.task.hooks.airflow.providers.google.cloud.hooks.gcs.GCSHook","filename":"gcs.py","lineno":588}
{"timestamp":"2026-02-10T00:28:22.915832Z","level":"info","event":"Data stream uploaded to bronze/youtube/comments/dt=2026-02-10/q=เลือกตั้ง69/v=w06bQkgLP6M.json in th-pm-election-2026-project bucket","logger":"airflow.task.hooks.airflow.providers.google.cloud.hooks.gcs.GCSHook","filename":"gcs.py","lineno":588}
{"timestamp":"2026-02-10T00:28:23.874990Z","level":"info","event":"Data stream uploaded to bronze/youtube/comments/dt=2026-02-10/q=เลือกตั้ง69/v=3YaVz-2b20s.json in th-pm-election-2026-project bucket","logger":"airflow.task.hooks.airflow.providers.google.cloud.hooks.gcs.GCSHook","filename":"gcs.py","lineno":588}
{"timestamp":"2026-02-10T00:28:24.970555Z","level":"info","event":"Data stream uploaded to bronze/youtube/comments/dt=2026-02-10/q=เลือกตั้ง69/v=98bci_neVTI.json in th-pm-election-2026-project bucket","logger":"airflow.task.hooks.airflow.providers.google.cloud.hooks.gcs.GCSHook","filename":"gcs.py","lineno":588}
{"timestamp":"2026-02-10T00:28:26.046145Z","level":"info","event":"Data stream uploaded to bronze/youtube/comments/dt=2026-02-10/q=เลือกตั้ง69/v=jhovkk-C5ic.json in th-pm-election-2026-project bucket","logger":"airflow.task.hooks.airflow.providers.google.cloud.hooks.gcs.GCSHook","filename":"gcs.py","lineno":588}
{"timestamp":"2026-02-10T00:28:26.718531Z","level":"info","event":"Data stream uploaded to bronze/youtube/comments/dt=2026-02-10/q=เลือกตั้ง69/v=HnVRcLXQ5Xs.json in th-pm-election-2026-project bucket","logger":"airflow.task.hooks.airflow.providers.google.cloud.hooks.gcs.GCSHook","filename":"gcs.py","lineno":588}
{"timestamp":"2026-02-10T00:28:27.881225Z","level":"info","event":"Data stream uploaded to bronze/youtube/comments/dt=2026-02-10/q=เลือกตั้ง69/v=A0Zjt-I-FYM.json in th-pm-election-2026-project bucket","logger":"airflow.task.hooks.airflow.providers.google.cloud.hooks.gcs.GCSHook","filename":"gcs.py","lineno":588}
{"timestamp":"2026-02-10T00:28:28.830781Z","level":"info","event":"Data stream uploaded to bronze/youtube/comments/dt=2026-02-10/q=เลือกตั้ง69/v=hxhZYlVy24Y.json in th-pm-election-2026-project bucket","logger":"airflow.task.hooks.airflow.providers.google.cloud.hooks.gcs.GCSHook","filename":"gcs.py","lineno":588}
{"timestamp":"2026-02-10T00:28:29.501534Z","level":"info","event":"Data stream uploaded to bronze/youtube/comments/dt=2026-02-10/q=เลือกตั้ง69/v=n5nZUOv6c4g.json in th-pm-election-2026-project bucket","logger":"airflow.task.hooks.airflow.providers.google.cloud.hooks.gcs.GCSHook","filename":"gcs.py","lineno":588}
{"timestamp":"2026-02-10T00:28:30.017977Z","level":"info","event":"Data stream uploaded to bronze/youtube/comments/dt=2026-02-10/q=เลือกตั้ง69/v=6K2TSWzwI6Y.json in th-pm-election-2026-project bucket","logger":"airflow.task.hooks.airflow.providers.google.cloud.hooks.gcs.GCSHook","filename":"gcs.py","lineno":588}
{"timestamp":"2026-02-10T00:28:30.998471Z","level":"info","event":"Data stream uploaded to bronze/youtube/comments/dt=2026-02-10/q=เลือกตั้ง69/v=VUUYQdP-B1U.json in th-pm-election-2026-project bucket","logger":"airflow.task.hooks.airflow.providers.google.cloud.hooks.gcs.GCSHook","filename":"gcs.py","lineno":588}
