{"timestamp":"2026-02-09T00:01:52.109501Z","level":"info","event":"DAG bundles loaded: dags-folder","logger":"airflow.dag_processing.bundles.manager.DagBundlesManager","filename":"manager.py","lineno":179}
{"timestamp":"2026-02-09T00:01:52.111161Z","level":"info","event":"Filling up the DagBag from /opt/airflow/dags/ytCommentsExtraction.py","logger":"airflow.models.dagbag.BundleDagBag","filename":"dagbag.py","lineno":593}
{"timestamp":"2026-02-09T00:01:53.980478Z","level":"warning","event":"The `airflow.decorators.task` attribute is deprecated. Please use `'airflow.sdk.task'`.","category":"DeprecatedImportWarning","filename":"/opt/airflow/dags/ytCommentsExtraction.py","lineno":2,"logger":"py.warnings"}
{"timestamp":"2026-02-09T00:01:54.065359Z","level":"info","event":"file_cache is only supported with oauth2client<4.0.0","logger":"googleapiclient.discovery_cache","filename":"__init__.py","lineno":49}
{"timestamp":"2026-02-09T00:01:54.087371Z","level":"warning","event":"Connection schemes (type: google_cloud_platform) shall not contain '_' according to RFC3986.","logger":"airflow.sdk.definitions.connection","filename":"connection.py","lineno":130}
{"timestamp":"2026-02-09T00:01:56.205256Z","level":"info","event":"Data stream uploaded to bronze/youtube/comments/dt=2026-02-09/q=เลือกตั้ง69/v=RK4jYfq3IwE.json in th-pm-election-2026-project bucket","logger":"airflow.task.hooks.airflow.providers.google.cloud.hooks.gcs.GCSHook","filename":"gcs.py","lineno":588}
{"timestamp":"2026-02-09T00:01:57.294841Z","level":"info","event":"Data stream uploaded to bronze/youtube/comments/dt=2026-02-09/q=เลือกตั้ง69/v=INQgSOPwIz0.json in th-pm-election-2026-project bucket","logger":"airflow.task.hooks.airflow.providers.google.cloud.hooks.gcs.GCSHook","filename":"gcs.py","lineno":588}
{"timestamp":"2026-02-09T00:01:58.566396Z","level":"info","event":"Data stream uploaded to bronze/youtube/comments/dt=2026-02-09/q=เลือกตั้ง69/v=hxhZYlVy24Y.json in th-pm-election-2026-project bucket","logger":"airflow.task.hooks.airflow.providers.google.cloud.hooks.gcs.GCSHook","filename":"gcs.py","lineno":588}
{"timestamp":"2026-02-09T00:01:59.167104Z","level":"info","event":"Data stream uploaded to bronze/youtube/comments/dt=2026-02-09/q=เลือกตั้ง69/v=7n-Ao5Itvq4.json in th-pm-election-2026-project bucket","logger":"airflow.task.hooks.airflow.providers.google.cloud.hooks.gcs.GCSHook","filename":"gcs.py","lineno":588}
{"timestamp":"2026-02-09T00:02:00.108771Z","level":"info","event":"Data stream uploaded to bronze/youtube/comments/dt=2026-02-09/q=เลือกตั้ง69/v=IADljs4HRwo.json in th-pm-election-2026-project bucket","logger":"airflow.task.hooks.airflow.providers.google.cloud.hooks.gcs.GCSHook","filename":"gcs.py","lineno":588}
{"timestamp":"2026-02-09T00:02:01.149877Z","level":"info","event":"Data stream uploaded to bronze/youtube/comments/dt=2026-02-09/q=เลือกตั้ง69/v=ikKc6MuC-Do.json in th-pm-election-2026-project bucket","logger":"airflow.task.hooks.airflow.providers.google.cloud.hooks.gcs.GCSHook","filename":"gcs.py","lineno":588}
{"timestamp":"2026-02-09T00:02:02.339240Z","level":"info","event":"Data stream uploaded to bronze/youtube/comments/dt=2026-02-09/q=เลือกตั้ง69/v=Tp-J4PWIGpU.json in th-pm-election-2026-project bucket","logger":"airflow.task.hooks.airflow.providers.google.cloud.hooks.gcs.GCSHook","filename":"gcs.py","lineno":588}
{"timestamp":"2026-02-09T00:02:03.017072Z","level":"info","event":"Data stream uploaded to bronze/youtube/comments/dt=2026-02-09/q=เลือกตั้ง69/v=7J6MJ3ccO58.json in th-pm-election-2026-project bucket","logger":"airflow.task.hooks.airflow.providers.google.cloud.hooks.gcs.GCSHook","filename":"gcs.py","lineno":588}
{"timestamp":"2026-02-09T00:02:04.150038Z","level":"info","event":"Data stream uploaded to bronze/youtube/comments/dt=2026-02-09/q=เลือกตั้ง69/v=GV4YNhX174I.json in th-pm-election-2026-project bucket","logger":"airflow.task.hooks.airflow.providers.google.cloud.hooks.gcs.GCSHook","filename":"gcs.py","lineno":588}
{"timestamp":"2026-02-09T00:02:05.258578Z","level":"info","event":"Data stream uploaded to bronze/youtube/comments/dt=2026-02-09/q=เลือกตั้ง69/v=qdxnLe19hOI.json in th-pm-election-2026-project bucket","logger":"airflow.task.hooks.airflow.providers.google.cloud.hooks.gcs.GCSHook","filename":"gcs.py","lineno":588}
{"timestamp":"2026-02-09T00:02:06.140692Z","level":"info","event":"Data stream uploaded to bronze/youtube/comments/dt=2026-02-09/q=เลือกตั้ง69/v=lKklyRqi5lk.json in th-pm-election-2026-project bucket","logger":"airflow.task.hooks.airflow.providers.google.cloud.hooks.gcs.GCSHook","filename":"gcs.py","lineno":588}
{"timestamp":"2026-02-09T00:02:07.078085Z","level":"info","event":"Data stream uploaded to bronze/youtube/comments/dt=2026-02-09/q=เลือกตั้ง69/v=cVM60K-D_TY.json in th-pm-election-2026-project bucket","logger":"airflow.task.hooks.airflow.providers.google.cloud.hooks.gcs.GCSHook","filename":"gcs.py","lineno":588}
{"timestamp":"2026-02-09T00:02:07.746112Z","level":"info","event":"Data stream uploaded to bronze/youtube/comments/dt=2026-02-09/q=เลือกตั้ง69/v=dIH3q-hGtiw.json in th-pm-election-2026-project bucket","logger":"airflow.task.hooks.airflow.providers.google.cloud.hooks.gcs.GCSHook","filename":"gcs.py","lineno":588}
{"timestamp":"2026-02-09T00:02:08.746971Z","level":"info","event":"Data stream uploaded to bronze/youtube/comments/dt=2026-02-09/q=เลือกตั้ง69/v=tH40InoX9XE.json in th-pm-election-2026-project bucket","logger":"airflow.task.hooks.airflow.providers.google.cloud.hooks.gcs.GCSHook","filename":"gcs.py","lineno":588}
{"timestamp":"2026-02-09T00:02:09.636323Z","level":"info","event":"Data stream uploaded to bronze/youtube/comments/dt=2026-02-09/q=เลือกตั้ง69/v=VUUYQdP-B1U.json in th-pm-election-2026-project bucket","logger":"airflow.task.hooks.airflow.providers.google.cloud.hooks.gcs.GCSHook","filename":"gcs.py","lineno":588}
{"timestamp":"2026-02-09T00:02:10.118696Z","level":"info","event":"Data stream uploaded to bronze/youtube/comments/dt=2026-02-09/q=เลือกตั้ง69/v=W1WlTkrHsiU.json in th-pm-election-2026-project bucket","logger":"airflow.task.hooks.airflow.providers.google.cloud.hooks.gcs.GCSHook","filename":"gcs.py","lineno":588}
{"timestamp":"2026-02-09T00:02:11.033862Z","level":"info","event":"Data stream uploaded to bronze/youtube/comments/dt=2026-02-09/q=เลือกตั้ง69/v=Ak-iNsC2V98.json in th-pm-election-2026-project bucket","logger":"airflow.task.hooks.airflow.providers.google.cloud.hooks.gcs.GCSHook","filename":"gcs.py","lineno":588}
{"timestamp":"2026-02-09T00:02:11.690655Z","level":"info","event":"Data stream uploaded to bronze/youtube/comments/dt=2026-02-09/q=เลือกตั้ง69/v=oQJq4L5OQE8.json in th-pm-election-2026-project bucket","logger":"airflow.task.hooks.airflow.providers.google.cloud.hooks.gcs.GCSHook","filename":"gcs.py","lineno":588}
{"timestamp":"2026-02-09T00:02:12.094410Z","level":"info","event":"Data stream uploaded to bronze/youtube/comments/dt=2026-02-09/q=เลือกตั้ง69/v=znYhaliTdtA.json in th-pm-election-2026-project bucket","logger":"airflow.task.hooks.airflow.providers.google.cloud.hooks.gcs.GCSHook","filename":"gcs.py","lineno":588}
{"timestamp":"2026-02-09T00:02:12.985700Z","level":"info","event":"Data stream uploaded to bronze/youtube/comments/dt=2026-02-09/q=เลือกตั้ง69/v=qm-9bHlQ6NM.json in th-pm-election-2026-project bucket","logger":"airflow.task.hooks.airflow.providers.google.cloud.hooks.gcs.GCSHook","filename":"gcs.py","lineno":588}
{"timestamp":"2026-02-09T00:02:13.809144Z","level":"info","event":"Data stream uploaded to bronze/youtube/comments/dt=2026-02-09/q=เลือกตั้ง69/v=1ZtT52XPjj0.json in th-pm-election-2026-project bucket","logger":"airflow.task.hooks.airflow.providers.google.cloud.hooks.gcs.GCSHook","filename":"gcs.py","lineno":588}
{"timestamp":"2026-02-09T00:02:14.687921Z","level":"info","event":"Data stream uploaded to bronze/youtube/comments/dt=2026-02-09/q=เลือกตั้ง69/v=md4nF3k0hHw.json in th-pm-election-2026-project bucket","logger":"airflow.task.hooks.airflow.providers.google.cloud.hooks.gcs.GCSHook","filename":"gcs.py","lineno":588}
{"timestamp":"2026-02-09T00:02:15.610558Z","level":"info","event":"Data stream uploaded to bronze/youtube/comments/dt=2026-02-09/q=เลือกตั้ง69/v=spCEqCh9kYM.json in th-pm-election-2026-project bucket","logger":"airflow.task.hooks.airflow.providers.google.cloud.hooks.gcs.GCSHook","filename":"gcs.py","lineno":588}
{"timestamp":"2026-02-09T00:02:16.307538Z","level":"info","event":"Data stream uploaded to bronze/youtube/comments/dt=2026-02-09/q=เลือกตั้ง69/v=70cr-0yl5IU.json in th-pm-election-2026-project bucket","logger":"airflow.task.hooks.airflow.providers.google.cloud.hooks.gcs.GCSHook","filename":"gcs.py","lineno":588}
{"timestamp":"2026-02-09T00:02:16.356628Z","level":"warning","event":"Encountered 403 Forbidden with reason \"commentsDisabled\"","logger":"googleapiclient.http","filename":"http.py","lineno":140}
{"timestamp":"2026-02-09T00:02:16.358075Z","level":"info","event":"skipping iwH9YrCDCG4","logger":"task.stdout"}
{"timestamp":"2026-02-09T00:02:17.028492Z","level":"info","event":"Data stream uploaded to bronze/youtube/comments/dt=2026-02-09/q=เลือกตั้ง69/v=vuZNyu3LOwE.json in th-pm-election-2026-project bucket","logger":"airflow.task.hooks.airflow.providers.google.cloud.hooks.gcs.GCSHook","filename":"gcs.py","lineno":588}
{"timestamp":"2026-02-09T00:02:17.667610Z","level":"info","event":"Data stream uploaded to bronze/youtube/comments/dt=2026-02-09/q=เลือกตั้ง69/v=Rg8ujzM2xZ0.json in th-pm-election-2026-project bucket","logger":"airflow.task.hooks.airflow.providers.google.cloud.hooks.gcs.GCSHook","filename":"gcs.py","lineno":588}
{"timestamp":"2026-02-09T00:02:18.577342Z","level":"info","event":"Data stream uploaded to bronze/youtube/comments/dt=2026-02-09/q=เลือกตั้ง69/v=JGx03EaO0TI.json in th-pm-election-2026-project bucket","logger":"airflow.task.hooks.airflow.providers.google.cloud.hooks.gcs.GCSHook","filename":"gcs.py","lineno":588}
{"timestamp":"2026-02-09T00:02:19.469317Z","level":"info","event":"Data stream uploaded to bronze/youtube/comments/dt=2026-02-09/q=เลือกตั้ง69/v=t1Y1ON50YYc.json in th-pm-election-2026-project bucket","logger":"airflow.task.hooks.airflow.providers.google.cloud.hooks.gcs.GCSHook","filename":"gcs.py","lineno":588}
{"timestamp":"2026-02-09T00:02:20.547747Z","level":"info","event":"Data stream uploaded to bronze/youtube/comments/dt=2026-02-09/q=เลือกตั้ง69/v=B2u_NyR0a_8.json in th-pm-election-2026-project bucket","logger":"airflow.task.hooks.airflow.providers.google.cloud.hooks.gcs.GCSHook","filename":"gcs.py","lineno":588}
{"timestamp":"2026-02-09T00:02:21.495271Z","level":"info","event":"Data stream uploaded to bronze/youtube/comments/dt=2026-02-09/q=เลือกตั้ง69/v=yM0dorltWD4.json in th-pm-election-2026-project bucket","logger":"airflow.task.hooks.airflow.providers.google.cloud.hooks.gcs.GCSHook","filename":"gcs.py","lineno":588}
{"timestamp":"2026-02-09T00:02:21.959656Z","level":"info","event":"Data stream uploaded to bronze/youtube/comments/dt=2026-02-09/q=เลือกตั้ง69/v=hoshne8lPK0.json in th-pm-election-2026-project bucket","logger":"airflow.task.hooks.airflow.providers.google.cloud.hooks.gcs.GCSHook","filename":"gcs.py","lineno":588}
{"timestamp":"2026-02-09T00:02:23.094535Z","level":"info","event":"Data stream uploaded to bronze/youtube/comments/dt=2026-02-09/q=เลือกตั้ง69/v=laVuC7uUHss.json in th-pm-election-2026-project bucket","logger":"airflow.task.hooks.airflow.providers.google.cloud.hooks.gcs.GCSHook","filename":"gcs.py","lineno":588}
{"timestamp":"2026-02-09T00:18:51.768237Z","level":"info","event":"Data stream uploaded to bronze/youtube/comments/dt=2026-02-09/q=เลือกตั้ง69/v=nj9U9259sk8.json in th-pm-election-2026-project bucket","logger":"airflow.task.hooks.airflow.providers.google.cloud.hooks.gcs.GCSHook","filename":"gcs.py","lineno":588}
{"timestamp":"2026-02-09T00:18:52.778390Z","level":"info","event":"Data stream uploaded to bronze/youtube/comments/dt=2026-02-09/q=เลือกตั้ง69/v=OJ-NVMEaSMI.json in th-pm-election-2026-project bucket","logger":"airflow.task.hooks.airflow.providers.google.cloud.hooks.gcs.GCSHook","filename":"gcs.py","lineno":588}
{"timestamp":"2026-02-09T00:18:53.510395Z","level":"info","event":"Data stream uploaded to bronze/youtube/comments/dt=2026-02-09/q=เลือกตั้ง69/v=MBbnD2Osp4E.json in th-pm-election-2026-project bucket","logger":"airflow.task.hooks.airflow.providers.google.cloud.hooks.gcs.GCSHook","filename":"gcs.py","lineno":588}
{"timestamp":"2026-02-09T00:18:54.530898Z","level":"info","event":"Data stream uploaded to bronze/youtube/comments/dt=2026-02-09/q=เลือกตั้ง69/v=9FpBayIImY4.json in th-pm-election-2026-project bucket","logger":"airflow.task.hooks.airflow.providers.google.cloud.hooks.gcs.GCSHook","filename":"gcs.py","lineno":588}
{"timestamp":"2026-02-09T00:18:54.958470Z","level":"info","event":"Data stream uploaded to bronze/youtube/comments/dt=2026-02-09/q=เลือกตั้ง69/v=LHwmaY-2R5Q.json in th-pm-election-2026-project bucket","logger":"airflow.task.hooks.airflow.providers.google.cloud.hooks.gcs.GCSHook","filename":"gcs.py","lineno":588}
{"timestamp":"2026-02-09T00:18:56.033606Z","level":"info","event":"Data stream uploaded to bronze/youtube/comments/dt=2026-02-09/q=เลือกตั้ง69/v=O9ZVoFz3P9w.json in th-pm-election-2026-project bucket","logger":"airflow.task.hooks.airflow.providers.google.cloud.hooks.gcs.GCSHook","filename":"gcs.py","lineno":588}
{"timestamp":"2026-02-09T00:18:57.064449Z","level":"info","event":"Data stream uploaded to bronze/youtube/comments/dt=2026-02-09/q=เลือกตั้ง69/v=XitzJouFw4s.json in th-pm-election-2026-project bucket","logger":"airflow.task.hooks.airflow.providers.google.cloud.hooks.gcs.GCSHook","filename":"gcs.py","lineno":588}
{"timestamp":"2026-02-09T00:18:57.547810Z","level":"info","event":"Data stream uploaded to bronze/youtube/comments/dt=2026-02-09/q=เลือกตั้ง69/v=DCOD_fApGWU.json in th-pm-election-2026-project bucket","logger":"airflow.task.hooks.airflow.providers.google.cloud.hooks.gcs.GCSHook","filename":"gcs.py","lineno":588}
