{"timestamp":"2026-02-05T10:53:29.367413Z","level":"info","event":"Filling up the DagBag from /opt/airflow/dags/parquet2gcp.py","logger":"airflow.models.dagbag.BundleDagBag","filename":"dagbag.py","lineno":593}
{"timestamp":"2026-02-05T10:53:29.758319Z","level":"warning","event":"The `airflow.operators.python.PythonOperator` attribute is deprecated. Please use `'airflow.providers.standard.operators.python.PythonOperator'`.","category":"DeprecatedImportWarning","filename":"/opt/airflow/dags/parquet2gcp.py","lineno":2,"logger":"py.warnings"}
{"timestamp":"2026-02-05T10:54:00.174026Z","level":"info","event":"Filling up the DagBag from /opt/airflow/dags/parquet2gcp.py","logger":"airflow.models.dagbag.BundleDagBag","filename":"dagbag.py","lineno":593}
{"timestamp":"2026-02-05T10:54:00.458907Z","level":"warning","event":"The `airflow.operators.python.PythonOperator` attribute is deprecated. Please use `'airflow.providers.standard.operators.python.PythonOperator'`.","category":"DeprecatedImportWarning","filename":"/opt/airflow/dags/parquet2gcp.py","lineno":2,"logger":"py.warnings"}
{"timestamp":"2026-02-05T10:54:30.881633Z","level":"info","event":"Filling up the DagBag from /opt/airflow/dags/parquet2gcp.py","logger":"airflow.models.dagbag.BundleDagBag","filename":"dagbag.py","lineno":593}
{"timestamp":"2026-02-05T10:54:31.151427Z","level":"warning","event":"The `airflow.operators.python.PythonOperator` attribute is deprecated. Please use `'airflow.providers.standard.operators.python.PythonOperator'`.","category":"DeprecatedImportWarning","filename":"/opt/airflow/dags/parquet2gcp.py","lineno":2,"logger":"py.warnings"}
{"timestamp":"2026-02-05T10:55:01.557695Z","level":"info","event":"Filling up the DagBag from /opt/airflow/dags/parquet2gcp.py","logger":"airflow.models.dagbag.BundleDagBag","filename":"dagbag.py","lineno":593}
{"timestamp":"2026-02-05T10:55:01.879089Z","level":"warning","event":"The `airflow.operators.python.PythonOperator` attribute is deprecated. Please use `'airflow.providers.standard.operators.python.PythonOperator'`.","category":"DeprecatedImportWarning","filename":"/opt/airflow/dags/parquet2gcp.py","lineno":2,"logger":"py.warnings"}
{"timestamp":"2026-02-05T10:55:27.239282Z","level":"info","event":"Filling up the DagBag from /opt/airflow/dags/parquet2gcp.py","logger":"airflow.models.dagbag.BundleDagBag","filename":"dagbag.py","lineno":593}
{"timestamp":"2026-02-05T10:55:27.244979Z","level":"error","event":"Failed to import: /opt/airflow/dags/parquet2gcp.py","logger":"airflow.models.dagbag.BundleDagBag","filename":"dagbag.py","lineno":415,"error_detail":[{"exc_type":"ImportError","exc_value":"cannot import name 'PythonOperator' from 'airflow.operators' (/home/airflow/.local/lib/python3.12/site-packages/airflow/operators/__init__.py)","exc_notes":[],"syntax_error":null,"is_cause":false,"frames":[{"filename":"/home/airflow/.local/lib/python3.12/site-packages/airflow/models/dagbag.py","lineno":405,"name":"parse"},{"filename":"<frozen importlib._bootstrap_external>","lineno":999,"name":"exec_module"},{"filename":"<frozen importlib._bootstrap>","lineno":488,"name":"_call_with_frames_removed"},{"filename":"/opt/airflow/dags/parquet2gcp.py","lineno":2,"name":"<module>"}],"is_group":false,"exceptions":[]}]}
{"timestamp":"2026-02-05T10:55:32.344100Z","level":"info","event":"Filling up the DagBag from /opt/airflow/dags/parquet2gcp.py","logger":"airflow.models.dagbag.BundleDagBag","filename":"dagbag.py","lineno":593}
{"timestamp":"2026-02-05T10:55:32.612930Z","level":"warning","event":"The `airflow.operators.python.PythonOperator` attribute is deprecated. Please use `'airflow.providers.standard.operators.python.PythonOperator'`.","category":"DeprecatedImportWarning","filename":"/opt/airflow/dags/parquet2gcp.py","lineno":2,"logger":"py.warnings"}
{"timestamp":"2026-02-05T10:56:03.015116Z","level":"info","event":"Filling up the DagBag from /opt/airflow/dags/parquet2gcp.py","logger":"airflow.models.dagbag.BundleDagBag","filename":"dagbag.py","lineno":593}
{"timestamp":"2026-02-05T10:56:03.282229Z","level":"warning","event":"The `airflow.operators.python.PythonOperator` attribute is deprecated. Please use `'airflow.providers.standard.operators.python.PythonOperator'`.","category":"DeprecatedImportWarning","filename":"/opt/airflow/dags/parquet2gcp.py","lineno":2,"logger":"py.warnings"}
{"timestamp":"2026-02-05T10:56:33.662166Z","level":"info","event":"Filling up the DagBag from /opt/airflow/dags/parquet2gcp.py","logger":"airflow.models.dagbag.BundleDagBag","filename":"dagbag.py","lineno":593}
{"timestamp":"2026-02-05T10:56:33.953139Z","level":"warning","event":"The `airflow.operators.python.PythonOperator` attribute is deprecated. Please use `'airflow.providers.standard.operators.python.PythonOperator'`.","category":"DeprecatedImportWarning","filename":"/opt/airflow/dags/parquet2gcp.py","lineno":2,"logger":"py.warnings"}
{"timestamp":"2026-02-05T10:57:04.405423Z","level":"info","event":"Filling up the DagBag from /opt/airflow/dags/parquet2gcp.py","logger":"airflow.models.dagbag.BundleDagBag","filename":"dagbag.py","lineno":593}
{"timestamp":"2026-02-05T10:57:04.724270Z","level":"warning","event":"The `airflow.operators.python.PythonOperator` attribute is deprecated. Please use `'airflow.providers.standard.operators.python.PythonOperator'`.","category":"DeprecatedImportWarning","filename":"/opt/airflow/dags/parquet2gcp.py","lineno":2,"logger":"py.warnings"}
{"timestamp":"2026-02-05T10:57:35.054624Z","level":"info","event":"Filling up the DagBag from /opt/airflow/dags/parquet2gcp.py","logger":"airflow.models.dagbag.BundleDagBag","filename":"dagbag.py","lineno":593}
{"timestamp":"2026-02-05T10:57:35.333616Z","level":"warning","event":"The `airflow.operators.python.PythonOperator` attribute is deprecated. Please use `'airflow.providers.standard.operators.python.PythonOperator'`.","category":"DeprecatedImportWarning","filename":"/opt/airflow/dags/parquet2gcp.py","lineno":2,"logger":"py.warnings"}
{"timestamp":"2026-02-05T10:58:05.727034Z","level":"info","event":"Filling up the DagBag from /opt/airflow/dags/parquet2gcp.py","logger":"airflow.models.dagbag.BundleDagBag","filename":"dagbag.py","lineno":593}
{"timestamp":"2026-02-05T10:58:06.101957Z","level":"warning","event":"The `airflow.operators.python.PythonOperator` attribute is deprecated. Please use `'airflow.providers.standard.operators.python.PythonOperator'`.","category":"DeprecatedImportWarning","filename":"/opt/airflow/dags/parquet2gcp.py","lineno":2,"logger":"py.warnings"}
{"timestamp":"2026-02-05T10:58:36.499554Z","level":"info","event":"Filling up the DagBag from /opt/airflow/dags/parquet2gcp.py","logger":"airflow.models.dagbag.BundleDagBag","filename":"dagbag.py","lineno":593}
{"timestamp":"2026-02-05T10:58:36.846788Z","level":"warning","event":"The `airflow.operators.python.PythonOperator` attribute is deprecated. Please use `'airflow.providers.standard.operators.python.PythonOperator'`.","category":"DeprecatedImportWarning","filename":"/opt/airflow/dags/parquet2gcp.py","lineno":2,"logger":"py.warnings"}
{"timestamp":"2026-02-05T10:58:51.103271Z","level":"info","event":"Filling up the DagBag from /opt/airflow/dags/parquet2gcp.py","logger":"airflow.models.dagbag.BundleDagBag","filename":"dagbag.py","lineno":593}
{"timestamp":"2026-02-05T10:58:51.449726Z","level":"warning","event":"The `airflow.operators.python.PythonOperator` attribute is deprecated. Please use `'airflow.providers.standard.operators.python.PythonOperator'`.","category":"DeprecatedImportWarning","filename":"/opt/airflow/dags/parquet2gcp.py","lineno":2,"logger":"py.warnings"}
{"timestamp":"2026-02-05T10:58:51.449804Z","level":"warning","event":"The `airflow.decorators.task` attribute is deprecated. Please use `'airflow.sdk.task'`.","category":"DeprecatedImportWarning","filename":"/opt/airflow/dags/parquet2gcp.py","lineno":3,"logger":"py.warnings"}
{"timestamp":"2026-02-05T10:59:21.945934Z","level":"info","event":"Filling up the DagBag from /opt/airflow/dags/parquet2gcp.py","logger":"airflow.models.dagbag.BundleDagBag","filename":"dagbag.py","lineno":593}
{"timestamp":"2026-02-05T10:59:22.209136Z","level":"warning","event":"The `airflow.operators.python.PythonOperator` attribute is deprecated. Please use `'airflow.providers.standard.operators.python.PythonOperator'`.","category":"DeprecatedImportWarning","filename":"/opt/airflow/dags/parquet2gcp.py","lineno":2,"logger":"py.warnings"}
{"timestamp":"2026-02-05T10:59:22.209244Z","level":"warning","event":"The `airflow.decorators.task` attribute is deprecated. Please use `'airflow.sdk.task'`.","category":"DeprecatedImportWarning","filename":"/opt/airflow/dags/parquet2gcp.py","lineno":3,"logger":"py.warnings"}
{"timestamp":"2026-02-05T10:59:52.683795Z","level":"info","event":"Filling up the DagBag from /opt/airflow/dags/parquet2gcp.py","logger":"airflow.models.dagbag.BundleDagBag","filename":"dagbag.py","lineno":593}
{"timestamp":"2026-02-05T10:59:53.061927Z","level":"warning","event":"The `airflow.operators.python.PythonOperator` attribute is deprecated. Please use `'airflow.providers.standard.operators.python.PythonOperator'`.","category":"DeprecatedImportWarning","filename":"/opt/airflow/dags/parquet2gcp.py","lineno":2,"logger":"py.warnings"}
{"timestamp":"2026-02-05T10:59:53.062042Z","level":"warning","event":"The `airflow.decorators.task` attribute is deprecated. Please use `'airflow.sdk.task'`.","category":"DeprecatedImportWarning","filename":"/opt/airflow/dags/parquet2gcp.py","lineno":3,"logger":"py.warnings"}
{"timestamp":"2026-02-05T11:00:23.517983Z","level":"info","event":"Filling up the DagBag from /opt/airflow/dags/parquet2gcp.py","logger":"airflow.models.dagbag.BundleDagBag","filename":"dagbag.py","lineno":593}
{"timestamp":"2026-02-05T11:00:23.767733Z","level":"warning","event":"The `airflow.operators.python.PythonOperator` attribute is deprecated. Please use `'airflow.providers.standard.operators.python.PythonOperator'`.","category":"DeprecatedImportWarning","filename":"/opt/airflow/dags/parquet2gcp.py","lineno":2,"logger":"py.warnings"}
{"timestamp":"2026-02-05T11:00:23.768043Z","level":"warning","event":"The `airflow.decorators.task` attribute is deprecated. Please use `'airflow.sdk.task'`.","category":"DeprecatedImportWarning","filename":"/opt/airflow/dags/parquet2gcp.py","lineno":3,"logger":"py.warnings"}
{"timestamp":"2026-02-05T11:00:36.969423Z","level":"info","event":"Filling up the DagBag from /opt/airflow/dags/parquet2gcp.py","logger":"airflow.models.dagbag.BundleDagBag","filename":"dagbag.py","lineno":593}
{"timestamp":"2026-02-05T11:00:37.295468Z","level":"warning","event":"The `airflow.operators.python.PythonOperator` attribute is deprecated. Please use `'airflow.providers.standard.operators.python.PythonOperator'`.","category":"DeprecatedImportWarning","filename":"/opt/airflow/dags/parquet2gcp.py","lineno":2,"logger":"py.warnings"}
{"timestamp":"2026-02-05T11:00:37.295723Z","level":"warning","event":"The `airflow.decorators.task` attribute is deprecated. Please use `'airflow.sdk.task'`.","category":"DeprecatedImportWarning","filename":"/opt/airflow/dags/parquet2gcp.py","lineno":3,"logger":"py.warnings"}
{"timestamp":"2026-02-05T11:01:04.800169Z","level":"info","event":"Filling up the DagBag from /opt/airflow/dags/parquet2gcp.py","logger":"airflow.models.dagbag.BundleDagBag","filename":"dagbag.py","lineno":593}
{"timestamp":"2026-02-05T11:01:05.293857Z","level":"error","event":"Failed to import: /opt/airflow/dags/parquet2gcp.py","logger":"airflow.models.dagbag.BundleDagBag","filename":"dagbag.py","lineno":415,"error_detail":[{"exc_type":"NameError","exc_value":"name 'task_generate' is not defined","exc_notes":[],"syntax_error":null,"is_cause":false,"frames":[{"filename":"/home/airflow/.local/lib/python3.12/site-packages/airflow/models/dagbag.py","lineno":405,"name":"parse"},{"filename":"<frozen importlib._bootstrap_external>","lineno":999,"name":"exec_module"},{"filename":"<frozen importlib._bootstrap>","lineno":488,"name":"_call_with_frames_removed"},{"filename":"/opt/airflow/dags/parquet2gcp.py","lineno":58,"name":"<module>"}],"is_group":false,"exceptions":[]}]}
{"timestamp":"2026-02-05T11:01:05.300493Z","level":"warning","event":"The `airflow.decorators.task` attribute is deprecated. Please use `'airflow.sdk.task'`.","category":"DeprecatedImportWarning","filename":"/opt/airflow/dags/parquet2gcp.py","lineno":3,"logger":"py.warnings"}
{"timestamp":"2026-02-05T11:01:33.742503Z","level":"info","event":"Filling up the DagBag from /opt/airflow/dags/parquet2gcp.py","logger":"airflow.models.dagbag.BundleDagBag","filename":"dagbag.py","lineno":593}
{"timestamp":"2026-02-05T11:01:34.039111Z","level":"error","event":"Failed to import: /opt/airflow/dags/parquet2gcp.py","logger":"airflow.models.dagbag.BundleDagBag","filename":"dagbag.py","lineno":415,"error_detail":[{"exc_type":"TypeError","exc_value":"unsupported operand type(s) for >>: '_TaskDecorator' and '_TaskDecorator'","exc_notes":[],"syntax_error":null,"is_cause":false,"frames":[{"filename":"/home/airflow/.local/lib/python3.12/site-packages/airflow/models/dagbag.py","lineno":405,"name":"parse"},{"filename":"<frozen importlib._bootstrap_external>","lineno":999,"name":"exec_module"},{"filename":"<frozen importlib._bootstrap>","lineno":488,"name":"_call_with_frames_removed"},{"filename":"/opt/airflow/dags/parquet2gcp.py","lineno":58,"name":"<module>"}],"is_group":false,"exceptions":[]}]}
{"timestamp":"2026-02-05T11:01:34.040618Z","level":"warning","event":"The `airflow.decorators.task` attribute is deprecated. Please use `'airflow.sdk.task'`.","category":"DeprecatedImportWarning","filename":"/opt/airflow/dags/parquet2gcp.py","lineno":3,"logger":"py.warnings"}
{"timestamp":"2026-02-05T11:01:47.245745Z","level":"info","event":"Filling up the DagBag from /opt/airflow/dags/parquet2gcp.py","logger":"airflow.models.dagbag.BundleDagBag","filename":"dagbag.py","lineno":593}
{"timestamp":"2026-02-05T11:01:47.610163Z","level":"error","event":"Failed to import: /opt/airflow/dags/parquet2gcp.py","logger":"airflow.models.dagbag.BundleDagBag","filename":"dagbag.py","lineno":415,"error_detail":[{"exc_type":"TypeError","exc_value":"unsupported operand type(s) for >>: '_TaskDecorator' and '_TaskDecorator'","exc_notes":[],"syntax_error":null,"is_cause":false,"frames":[{"filename":"/home/airflow/.local/lib/python3.12/site-packages/airflow/models/dagbag.py","lineno":405,"name":"parse"},{"filename":"<frozen importlib._bootstrap_external>","lineno":999,"name":"exec_module"},{"filename":"<frozen importlib._bootstrap>","lineno":488,"name":"_call_with_frames_removed"},{"filename":"/opt/airflow/dags/parquet2gcp.py","lineno":49,"name":"<module>"}],"is_group":false,"exceptions":[]}]}
{"timestamp":"2026-02-05T11:01:47.612270Z","level":"warning","event":"The `airflow.decorators.task` attribute is deprecated. Please use `'airflow.sdk.task'`.","category":"DeprecatedImportWarning","filename":"/opt/airflow/dags/parquet2gcp.py","lineno":3,"logger":"py.warnings"}
{"timestamp":"2026-02-05T11:01:50.684322Z","level":"info","event":"Filling up the DagBag from /opt/airflow/dags/parquet2gcp.py","logger":"airflow.models.dagbag.BundleDagBag","filename":"dagbag.py","lineno":593}
{"timestamp":"2026-02-05T11:01:51.032782Z","level":"error","event":"Failed to import: /opt/airflow/dags/parquet2gcp.py","logger":"airflow.models.dagbag.BundleDagBag","filename":"dagbag.py","lineno":415,"error_detail":[{"exc_type":"TypeError","exc_value":"unsupported operand type(s) for >>: '_TaskDecorator' and '_TaskDecorator'","exc_notes":[],"syntax_error":null,"is_cause":false,"frames":[{"filename":"/home/airflow/.local/lib/python3.12/site-packages/airflow/models/dagbag.py","lineno":405,"name":"parse"},{"filename":"<frozen importlib._bootstrap_external>","lineno":999,"name":"exec_module"},{"filename":"<frozen importlib._bootstrap>","lineno":488,"name":"_call_with_frames_removed"},{"filename":"/opt/airflow/dags/parquet2gcp.py","lineno":48,"name":"<module>"}],"is_group":false,"exceptions":[]}]}
{"timestamp":"2026-02-05T11:01:51.033959Z","level":"warning","event":"The `airflow.decorators.task` attribute is deprecated. Please use `'airflow.sdk.task'`.","category":"DeprecatedImportWarning","filename":"/opt/airflow/dags/parquet2gcp.py","lineno":2,"logger":"py.warnings"}
{"timestamp":"2026-02-05T11:02:21.514492Z","level":"info","event":"Filling up the DagBag from /opt/airflow/dags/parquet2gcp.py","logger":"airflow.models.dagbag.BundleDagBag","filename":"dagbag.py","lineno":593}
{"timestamp":"2026-02-05T11:02:21.833956Z","level":"error","event":"Failed to import: /opt/airflow/dags/parquet2gcp.py","logger":"airflow.models.dagbag.BundleDagBag","filename":"dagbag.py","lineno":415,"error_detail":[{"exc_type":"TypeError","exc_value":"unsupported operand type(s) for >>: '_TaskDecorator' and '_TaskDecorator'","exc_notes":[],"syntax_error":null,"is_cause":false,"frames":[{"filename":"/home/airflow/.local/lib/python3.12/site-packages/airflow/models/dagbag.py","lineno":405,"name":"parse"},{"filename":"<frozen importlib._bootstrap_external>","lineno":999,"name":"exec_module"},{"filename":"<frozen importlib._bootstrap>","lineno":488,"name":"_call_with_frames_removed"},{"filename":"/opt/airflow/dags/parquet2gcp.py","lineno":48,"name":"<module>"}],"is_group":false,"exceptions":[]}]}
{"timestamp":"2026-02-05T11:02:21.835000Z","level":"warning","event":"The `airflow.decorators.task` attribute is deprecated. Please use `'airflow.sdk.task'`.","category":"DeprecatedImportWarning","filename":"/opt/airflow/dags/parquet2gcp.py","lineno":2,"logger":"py.warnings"}
{"timestamp":"2026-02-05T11:02:52.356065Z","level":"info","event":"Filling up the DagBag from /opt/airflow/dags/parquet2gcp.py","logger":"airflow.models.dagbag.BundleDagBag","filename":"dagbag.py","lineno":593}
{"timestamp":"2026-02-05T11:02:52.666255Z","level":"error","event":"Failed to import: /opt/airflow/dags/parquet2gcp.py","logger":"airflow.models.dagbag.BundleDagBag","filename":"dagbag.py","lineno":415,"error_detail":[{"exc_type":"TypeError","exc_value":"unsupported operand type(s) for >>: '_TaskDecorator' and '_TaskDecorator'","exc_notes":[],"syntax_error":null,"is_cause":false,"frames":[{"filename":"/home/airflow/.local/lib/python3.12/site-packages/airflow/models/dagbag.py","lineno":405,"name":"parse"},{"filename":"<frozen importlib._bootstrap_external>","lineno":999,"name":"exec_module"},{"filename":"<frozen importlib._bootstrap>","lineno":488,"name":"_call_with_frames_removed"},{"filename":"/opt/airflow/dags/parquet2gcp.py","lineno":48,"name":"<module>"}],"is_group":false,"exceptions":[]}]}
{"timestamp":"2026-02-05T11:02:52.667370Z","level":"warning","event":"The `airflow.decorators.task` attribute is deprecated. Please use `'airflow.sdk.task'`.","category":"DeprecatedImportWarning","filename":"/opt/airflow/dags/parquet2gcp.py","lineno":2,"logger":"py.warnings"}
{"timestamp":"2026-02-05T11:03:23.182558Z","level":"info","event":"Filling up the DagBag from /opt/airflow/dags/parquet2gcp.py","logger":"airflow.models.dagbag.BundleDagBag","filename":"dagbag.py","lineno":593}
{"timestamp":"2026-02-05T11:03:23.485134Z","level":"error","event":"Failed to import: /opt/airflow/dags/parquet2gcp.py","logger":"airflow.models.dagbag.BundleDagBag","filename":"dagbag.py","lineno":415,"error_detail":[{"exc_type":"TypeError","exc_value":"unsupported operand type(s) for >>: '_TaskDecorator' and '_TaskDecorator'","exc_notes":[],"syntax_error":null,"is_cause":false,"frames":[{"filename":"/home/airflow/.local/lib/python3.12/site-packages/airflow/models/dagbag.py","lineno":405,"name":"parse"},{"filename":"<frozen importlib._bootstrap_external>","lineno":999,"name":"exec_module"},{"filename":"<frozen importlib._bootstrap>","lineno":488,"name":"_call_with_frames_removed"},{"filename":"/opt/airflow/dags/parquet2gcp.py","lineno":48,"name":"<module>"}],"is_group":false,"exceptions":[]}]}
{"timestamp":"2026-02-05T11:03:23.487248Z","level":"warning","event":"The `airflow.decorators.task` attribute is deprecated. Please use `'airflow.sdk.task'`.","category":"DeprecatedImportWarning","filename":"/opt/airflow/dags/parquet2gcp.py","lineno":2,"logger":"py.warnings"}
{"timestamp":"2026-02-05T11:03:50.902280Z","level":"info","event":"Filling up the DagBag from /opt/airflow/dags/parquet2gcp.py","logger":"airflow.models.dagbag.BundleDagBag","filename":"dagbag.py","lineno":593}
{"timestamp":"2026-02-05T11:03:51.222775Z","level":"error","event":"Failed to import: /opt/airflow/dags/parquet2gcp.py","logger":"airflow.models.dagbag.BundleDagBag","filename":"dagbag.py","lineno":415,"error_detail":[{"exc_type":"TypeError","exc_value":"unsupported operand type(s) for >>: '_TaskDecorator' and '_TaskDecorator'","exc_notes":[],"syntax_error":null,"is_cause":false,"frames":[{"filename":"/home/airflow/.local/lib/python3.12/site-packages/airflow/models/dagbag.py","lineno":405,"name":"parse"},{"filename":"<frozen importlib._bootstrap_external>","lineno":999,"name":"exec_module"},{"filename":"<frozen importlib._bootstrap>","lineno":488,"name":"_call_with_frames_removed"},{"filename":"/opt/airflow/dags/parquet2gcp.py","lineno":58,"name":"<module>"}],"is_group":false,"exceptions":[]}]}
{"timestamp":"2026-02-05T11:03:51.224780Z","level":"warning","event":"The `airflow.decorators.task` attribute is deprecated. Please use `'airflow.sdk.task'`.","category":"DeprecatedImportWarning","filename":"/opt/airflow/dags/parquet2gcp.py","lineno":3,"logger":"py.warnings"}
{"timestamp":"2026-02-05T11:03:55.315878Z","level":"info","event":"Filling up the DagBag from /opt/airflow/dags/parquet2gcp.py","logger":"airflow.models.dagbag.BundleDagBag","filename":"dagbag.py","lineno":593}
{"timestamp":"2026-02-05T11:03:55.532137Z","level":"error","event":"Failed to import: /opt/airflow/dags/parquet2gcp.py","logger":"airflow.models.dagbag.BundleDagBag","filename":"dagbag.py","lineno":415,"error_detail":[{"exc_type":"TypeError","exc_value":"unsupported operand type(s) for >>: '_TaskDecorator' and '_TaskDecorator'","exc_notes":[],"syntax_error":null,"is_cause":false,"frames":[{"filename":"/home/airflow/.local/lib/python3.12/site-packages/airflow/models/dagbag.py","lineno":405,"name":"parse"},{"filename":"<frozen importlib._bootstrap_external>","lineno":999,"name":"exec_module"},{"filename":"<frozen importlib._bootstrap>","lineno":488,"name":"_call_with_frames_removed"},{"filename":"/opt/airflow/dags/parquet2gcp.py","lineno":58,"name":"<module>"}],"is_group":false,"exceptions":[]}]}
{"timestamp":"2026-02-05T11:03:55.533302Z","level":"warning","event":"The `airflow.decorators.task` attribute is deprecated. Please use `'airflow.sdk.task'`.","category":"DeprecatedImportWarning","filename":"/opt/airflow/dags/parquet2gcp.py","lineno":3,"logger":"py.warnings"}
{"timestamp":"2026-02-05T11:04:07.812506Z","level":"info","event":"Filling up the DagBag from /opt/airflow/dags/parquet2gcp.py","logger":"airflow.models.dagbag.BundleDagBag","filename":"dagbag.py","lineno":593}
{"timestamp":"2026-02-05T11:04:08.140925Z","level":"warning","event":"The `airflow.decorators.task` attribute is deprecated. Please use `'airflow.sdk.task'`.","category":"DeprecatedImportWarning","filename":"/opt/airflow/dags/parquet2gcp.py","lineno":3,"logger":"py.warnings"}
{"timestamp":"2026-02-05T11:04:16.320786Z","level":"info","event":"Filling up the DagBag from /opt/airflow/dags/parquet2gcp.py","logger":"airflow.models.dagbag.BundleDagBag","filename":"dagbag.py","lineno":593}
{"timestamp":"2026-02-05T11:04:16.547410Z","level":"warning","event":"The `airflow.decorators.task` attribute is deprecated. Please use `'airflow.sdk.task'`.","category":"DeprecatedImportWarning","filename":"/opt/airflow/dags/parquet2gcp.py","lineno":3,"logger":"py.warnings"}
{"timestamp":"2026-02-05T11:04:32.803204Z","level":"info","event":"Filling up the DagBag from /opt/airflow/dags/parquet2gcp.py","logger":"airflow.models.dagbag.BundleDagBag","filename":"dagbag.py","lineno":593}
{"timestamp":"2026-02-05T11:04:33.040300Z","level":"warning","event":"The `airflow.decorators.task` attribute is deprecated. Please use `'airflow.sdk.task'`.","category":"DeprecatedImportWarning","filename":"/opt/airflow/dags/parquet2gcp.py","lineno":3,"logger":"py.warnings"}
{"timestamp":"2026-02-05T11:05:03.488338Z","level":"info","event":"Filling up the DagBag from /opt/airflow/dags/parquet2gcp.py","logger":"airflow.models.dagbag.BundleDagBag","filename":"dagbag.py","lineno":593}
{"timestamp":"2026-02-05T11:05:03.806077Z","level":"warning","event":"The `airflow.decorators.task` attribute is deprecated. Please use `'airflow.sdk.task'`.","category":"DeprecatedImportWarning","filename":"/opt/airflow/dags/parquet2gcp.py","lineno":3,"logger":"py.warnings"}
{"timestamp":"2026-02-05T11:05:35.360382Z","level":"info","event":"Filling up the DagBag from /opt/airflow/dags/parquet2gcp.py","logger":"airflow.models.dagbag.BundleDagBag","filename":"dagbag.py","lineno":593}
{"timestamp":"2026-02-05T11:05:35.778239Z","level":"warning","event":"The `airflow.decorators.task` attribute is deprecated. Please use `'airflow.sdk.task'`.","category":"DeprecatedImportWarning","filename":"/opt/airflow/dags/parquet2gcp.py","lineno":3,"logger":"py.warnings"}
{"timestamp":"2026-02-05T11:06:06.288724Z","level":"info","event":"Filling up the DagBag from /opt/airflow/dags/parquet2gcp.py","logger":"airflow.models.dagbag.BundleDagBag","filename":"dagbag.py","lineno":593}
{"timestamp":"2026-02-05T11:06:06.732696Z","level":"warning","event":"The `airflow.decorators.task` attribute is deprecated. Please use `'airflow.sdk.task'`.","category":"DeprecatedImportWarning","filename":"/opt/airflow/dags/parquet2gcp.py","lineno":3,"logger":"py.warnings"}
{"timestamp":"2026-02-05T11:06:37.276658Z","level":"info","event":"Filling up the DagBag from /opt/airflow/dags/parquet2gcp.py","logger":"airflow.models.dagbag.BundleDagBag","filename":"dagbag.py","lineno":593}
{"timestamp":"2026-02-05T11:06:37.644159Z","level":"warning","event":"The `airflow.decorators.task` attribute is deprecated. Please use `'airflow.sdk.task'`.","category":"DeprecatedImportWarning","filename":"/opt/airflow/dags/parquet2gcp.py","lineno":3,"logger":"py.warnings"}
{"timestamp":"2026-02-05T11:07:08.101023Z","level":"info","event":"Filling up the DagBag from /opt/airflow/dags/parquet2gcp.py","logger":"airflow.models.dagbag.BundleDagBag","filename":"dagbag.py","lineno":593}
{"timestamp":"2026-02-05T11:07:08.449771Z","level":"warning","event":"The `airflow.decorators.task` attribute is deprecated. Please use `'airflow.sdk.task'`.","category":"DeprecatedImportWarning","filename":"/opt/airflow/dags/parquet2gcp.py","lineno":3,"logger":"py.warnings"}
{"timestamp":"2026-02-05T11:07:38.923680Z","level":"info","event":"Filling up the DagBag from /opt/airflow/dags/parquet2gcp.py","logger":"airflow.models.dagbag.BundleDagBag","filename":"dagbag.py","lineno":593}
{"timestamp":"2026-02-05T11:07:39.202309Z","level":"warning","event":"The `airflow.decorators.task` attribute is deprecated. Please use `'airflow.sdk.task'`.","category":"DeprecatedImportWarning","filename":"/opt/airflow/dags/parquet2gcp.py","lineno":3,"logger":"py.warnings"}
{"timestamp":"2026-02-05T11:08:02.585290Z","level":"info","event":"Filling up the DagBag from /opt/airflow/dags/parquet2gcp.py","logger":"airflow.models.dagbag.BundleDagBag","filename":"dagbag.py","lineno":593}
{"timestamp":"2026-02-05T11:08:02.873753Z","level":"warning","event":"The `airflow.decorators.task` attribute is deprecated. Please use `'airflow.sdk.task'`.","category":"DeprecatedImportWarning","filename":"/opt/airflow/dags/parquet2gcp.py","lineno":3,"logger":"py.warnings"}
{"timestamp":"2026-02-05T11:08:33.381649Z","level":"info","event":"Filling up the DagBag from /opt/airflow/dags/parquet2gcp.py","logger":"airflow.models.dagbag.BundleDagBag","filename":"dagbag.py","lineno":593}
{"timestamp":"2026-02-05T11:08:33.906058Z","level":"warning","event":"The `airflow.decorators.task` attribute is deprecated. Please use `'airflow.sdk.task'`.","category":"DeprecatedImportWarning","filename":"/opt/airflow/dags/parquet2gcp.py","lineno":3,"logger":"py.warnings"}
{"timestamp":"2026-02-05T11:08:48.195001Z","level":"info","event":"Filling up the DagBag from /opt/airflow/dags/parquet2gcp.py","logger":"airflow.models.dagbag.BundleDagBag","filename":"dagbag.py","lineno":593}
{"timestamp":"2026-02-05T11:08:48.586974Z","level":"warning","event":"The `airflow.decorators.task` attribute is deprecated. Please use `'airflow.sdk.task'`.","category":"DeprecatedImportWarning","filename":"/opt/airflow/dags/parquet2gcp.py","lineno":3,"logger":"py.warnings"}
{"timestamp":"2026-02-05T11:09:19.081389Z","level":"info","event":"Filling up the DagBag from /opt/airflow/dags/parquet2gcp.py","logger":"airflow.models.dagbag.BundleDagBag","filename":"dagbag.py","lineno":593}
{"timestamp":"2026-02-05T11:09:19.475043Z","level":"warning","event":"The `airflow.decorators.task` attribute is deprecated. Please use `'airflow.sdk.task'`.","category":"DeprecatedImportWarning","filename":"/opt/airflow/dags/parquet2gcp.py","lineno":3,"logger":"py.warnings"}
{"timestamp":"2026-02-05T11:09:49.891605Z","level":"info","event":"Filling up the DagBag from /opt/airflow/dags/parquet2gcp.py","logger":"airflow.models.dagbag.BundleDagBag","filename":"dagbag.py","lineno":593}
{"timestamp":"2026-02-05T11:09:50.155652Z","level":"warning","event":"The `airflow.decorators.task` attribute is deprecated. Please use `'airflow.sdk.task'`.","category":"DeprecatedImportWarning","filename":"/opt/airflow/dags/parquet2gcp.py","lineno":3,"logger":"py.warnings"}
{"timestamp":"2026-02-05T11:10:20.629303Z","level":"info","event":"Filling up the DagBag from /opt/airflow/dags/parquet2gcp.py","logger":"airflow.models.dagbag.BundleDagBag","filename":"dagbag.py","lineno":593}
{"timestamp":"2026-02-05T11:10:20.956305Z","level":"warning","event":"The `airflow.decorators.task` attribute is deprecated. Please use `'airflow.sdk.task'`.","category":"DeprecatedImportWarning","filename":"/opt/airflow/dags/parquet2gcp.py","lineno":3,"logger":"py.warnings"}
{"timestamp":"2026-02-05T11:10:51.417302Z","level":"info","event":"Filling up the DagBag from /opt/airflow/dags/parquet2gcp.py","logger":"airflow.models.dagbag.BundleDagBag","filename":"dagbag.py","lineno":593}
{"timestamp":"2026-02-05T11:10:51.644235Z","level":"warning","event":"The `airflow.decorators.task` attribute is deprecated. Please use `'airflow.sdk.task'`.","category":"DeprecatedImportWarning","filename":"/opt/airflow/dags/parquet2gcp.py","lineno":3,"logger":"py.warnings"}
{"timestamp":"2026-02-05T11:11:22.117527Z","level":"info","event":"Filling up the DagBag from /opt/airflow/dags/parquet2gcp.py","logger":"airflow.models.dagbag.BundleDagBag","filename":"dagbag.py","lineno":593}
{"timestamp":"2026-02-05T11:11:22.414496Z","level":"warning","event":"The `airflow.decorators.task` attribute is deprecated. Please use `'airflow.sdk.task'`.","category":"DeprecatedImportWarning","filename":"/opt/airflow/dags/parquet2gcp.py","lineno":3,"logger":"py.warnings"}
{"timestamp":"2026-02-05T11:11:52.869296Z","level":"info","event":"Filling up the DagBag from /opt/airflow/dags/parquet2gcp.py","logger":"airflow.models.dagbag.BundleDagBag","filename":"dagbag.py","lineno":593}
{"timestamp":"2026-02-05T11:11:53.104356Z","level":"warning","event":"The `airflow.decorators.task` attribute is deprecated. Please use `'airflow.sdk.task'`.","category":"DeprecatedImportWarning","filename":"/opt/airflow/dags/parquet2gcp.py","lineno":3,"logger":"py.warnings"}
{"timestamp":"2026-02-05T11:12:23.554572Z","level":"info","event":"Filling up the DagBag from /opt/airflow/dags/parquet2gcp.py","logger":"airflow.models.dagbag.BundleDagBag","filename":"dagbag.py","lineno":593}
{"timestamp":"2026-02-05T11:12:23.822009Z","level":"warning","event":"The `airflow.decorators.task` attribute is deprecated. Please use `'airflow.sdk.task'`.","category":"DeprecatedImportWarning","filename":"/opt/airflow/dags/parquet2gcp.py","lineno":3,"logger":"py.warnings"}
{"timestamp":"2026-02-05T11:12:54.290481Z","level":"info","event":"Filling up the DagBag from /opt/airflow/dags/parquet2gcp.py","logger":"airflow.models.dagbag.BundleDagBag","filename":"dagbag.py","lineno":593}
{"timestamp":"2026-02-05T11:12:54.554345Z","level":"warning","event":"The `airflow.decorators.task` attribute is deprecated. Please use `'airflow.sdk.task'`.","category":"DeprecatedImportWarning","filename":"/opt/airflow/dags/parquet2gcp.py","lineno":3,"logger":"py.warnings"}
{"timestamp":"2026-02-05T11:13:24.999345Z","level":"info","event":"Filling up the DagBag from /opt/airflow/dags/parquet2gcp.py","logger":"airflow.models.dagbag.BundleDagBag","filename":"dagbag.py","lineno":593}
{"timestamp":"2026-02-05T11:13:25.255084Z","level":"warning","event":"The `airflow.decorators.task` attribute is deprecated. Please use `'airflow.sdk.task'`.","category":"DeprecatedImportWarning","filename":"/opt/airflow/dags/parquet2gcp.py","lineno":3,"logger":"py.warnings"}
{"timestamp":"2026-02-05T11:13:55.747546Z","level":"info","event":"Filling up the DagBag from /opt/airflow/dags/parquet2gcp.py","logger":"airflow.models.dagbag.BundleDagBag","filename":"dagbag.py","lineno":593}
{"timestamp":"2026-02-05T11:13:56.012762Z","level":"warning","event":"The `airflow.decorators.task` attribute is deprecated. Please use `'airflow.sdk.task'`.","category":"DeprecatedImportWarning","filename":"/opt/airflow/dags/parquet2gcp.py","lineno":3,"logger":"py.warnings"}
{"timestamp":"2026-02-05T11:14:26.468159Z","level":"info","event":"Filling up the DagBag from /opt/airflow/dags/parquet2gcp.py","logger":"airflow.models.dagbag.BundleDagBag","filename":"dagbag.py","lineno":593}
{"timestamp":"2026-02-05T11:14:26.722150Z","level":"warning","event":"The `airflow.decorators.task` attribute is deprecated. Please use `'airflow.sdk.task'`.","category":"DeprecatedImportWarning","filename":"/opt/airflow/dags/parquet2gcp.py","lineno":3,"logger":"py.warnings"}
{"timestamp":"2026-02-05T11:14:36.967677Z","level":"info","event":"Filling up the DagBag from /opt/airflow/dags/parquet2gcp.py","logger":"airflow.models.dagbag.BundleDagBag","filename":"dagbag.py","lineno":593}
{"timestamp":"2026-02-05T11:14:37.199798Z","level":"warning","event":"The `airflow.decorators.task` attribute is deprecated. Please use `'airflow.sdk.task'`.","category":"DeprecatedImportWarning","filename":"/opt/airflow/dags/parquet2gcp.py","lineno":3,"logger":"py.warnings"}
{"timestamp":"2026-02-05T11:15:07.695667Z","level":"info","event":"Filling up the DagBag from /opt/airflow/dags/parquet2gcp.py","logger":"airflow.models.dagbag.BundleDagBag","filename":"dagbag.py","lineno":593}
{"timestamp":"2026-02-05T11:15:08.060705Z","level":"warning","event":"The `airflow.decorators.task` attribute is deprecated. Please use `'airflow.sdk.task'`.","category":"DeprecatedImportWarning","filename":"/opt/airflow/dags/parquet2gcp.py","lineno":3,"logger":"py.warnings"}
{"timestamp":"2026-02-05T11:15:38.686303Z","level":"info","event":"Filling up the DagBag from /opt/airflow/dags/parquet2gcp.py","logger":"airflow.models.dagbag.BundleDagBag","filename":"dagbag.py","lineno":593}
{"timestamp":"2026-02-05T11:15:38.995220Z","level":"warning","event":"The `airflow.decorators.task` attribute is deprecated. Please use `'airflow.sdk.task'`.","category":"DeprecatedImportWarning","filename":"/opt/airflow/dags/parquet2gcp.py","lineno":3,"logger":"py.warnings"}
{"timestamp":"2026-02-05T11:16:09.538294Z","level":"info","event":"Filling up the DagBag from /opt/airflow/dags/parquet2gcp.py","logger":"airflow.models.dagbag.BundleDagBag","filename":"dagbag.py","lineno":593}
{"timestamp":"2026-02-05T11:16:09.912400Z","level":"warning","event":"The `airflow.decorators.task` attribute is deprecated. Please use `'airflow.sdk.task'`.","category":"DeprecatedImportWarning","filename":"/opt/airflow/dags/parquet2gcp.py","lineno":3,"logger":"py.warnings"}
{"timestamp":"2026-02-05T11:16:40.456205Z","level":"info","event":"Filling up the DagBag from /opt/airflow/dags/parquet2gcp.py","logger":"airflow.models.dagbag.BundleDagBag","filename":"dagbag.py","lineno":593}
{"timestamp":"2026-02-05T11:16:40.809807Z","level":"warning","event":"The `airflow.decorators.task` attribute is deprecated. Please use `'airflow.sdk.task'`.","category":"DeprecatedImportWarning","filename":"/opt/airflow/dags/parquet2gcp.py","lineno":3,"logger":"py.warnings"}
{"timestamp":"2026-02-05T11:17:11.291574Z","level":"info","event":"Filling up the DagBag from /opt/airflow/dags/parquet2gcp.py","logger":"airflow.models.dagbag.BundleDagBag","filename":"dagbag.py","lineno":593}
{"timestamp":"2026-02-05T11:17:11.524111Z","level":"warning","event":"The `airflow.decorators.task` attribute is deprecated. Please use `'airflow.sdk.task'`.","category":"DeprecatedImportWarning","filename":"/opt/airflow/dags/parquet2gcp.py","lineno":3,"logger":"py.warnings"}
{"timestamp":"2026-02-05T11:17:41.990011Z","level":"info","event":"Filling up the DagBag from /opt/airflow/dags/parquet2gcp.py","logger":"airflow.models.dagbag.BundleDagBag","filename":"dagbag.py","lineno":593}
{"timestamp":"2026-02-05T11:17:42.200666Z","level":"warning","event":"The `airflow.decorators.task` attribute is deprecated. Please use `'airflow.sdk.task'`.","category":"DeprecatedImportWarning","filename":"/opt/airflow/dags/parquet2gcp.py","lineno":3,"logger":"py.warnings"}
{"timestamp":"2026-02-05T11:18:12.654241Z","level":"info","event":"Filling up the DagBag from /opt/airflow/dags/parquet2gcp.py","logger":"airflow.models.dagbag.BundleDagBag","filename":"dagbag.py","lineno":593}
{"timestamp":"2026-02-05T11:18:12.863287Z","level":"warning","event":"The `airflow.decorators.task` attribute is deprecated. Please use `'airflow.sdk.task'`.","category":"DeprecatedImportWarning","filename":"/opt/airflow/dags/parquet2gcp.py","lineno":3,"logger":"py.warnings"}
{"timestamp":"2026-02-05T11:18:43.342917Z","level":"info","event":"Filling up the DagBag from /opt/airflow/dags/parquet2gcp.py","logger":"airflow.models.dagbag.BundleDagBag","filename":"dagbag.py","lineno":593}
{"timestamp":"2026-02-05T11:18:43.587956Z","level":"warning","event":"The `airflow.decorators.task` attribute is deprecated. Please use `'airflow.sdk.task'`.","category":"DeprecatedImportWarning","filename":"/opt/airflow/dags/parquet2gcp.py","lineno":3,"logger":"py.warnings"}
{"timestamp":"2026-02-05T11:19:14.075128Z","level":"info","event":"Filling up the DagBag from /opt/airflow/dags/parquet2gcp.py","logger":"airflow.models.dagbag.BundleDagBag","filename":"dagbag.py","lineno":593}
{"timestamp":"2026-02-05T11:19:14.290906Z","level":"warning","event":"The `airflow.decorators.task` attribute is deprecated. Please use `'airflow.sdk.task'`.","category":"DeprecatedImportWarning","filename":"/opt/airflow/dags/parquet2gcp.py","lineno":3,"logger":"py.warnings"}
{"timestamp":"2026-02-05T11:19:44.885382Z","level":"info","event":"Filling up the DagBag from /opt/airflow/dags/parquet2gcp.py","logger":"airflow.models.dagbag.BundleDagBag","filename":"dagbag.py","lineno":593}
{"timestamp":"2026-02-05T11:19:45.207594Z","level":"warning","event":"The `airflow.decorators.task` attribute is deprecated. Please use `'airflow.sdk.task'`.","category":"DeprecatedImportWarning","filename":"/opt/airflow/dags/parquet2gcp.py","lineno":3,"logger":"py.warnings"}
{"timestamp":"2026-02-05T11:20:15.741172Z","level":"info","event":"Filling up the DagBag from /opt/airflow/dags/parquet2gcp.py","logger":"airflow.models.dagbag.BundleDagBag","filename":"dagbag.py","lineno":593}
{"timestamp":"2026-02-05T11:20:16.027659Z","level":"warning","event":"The `airflow.decorators.task` attribute is deprecated. Please use `'airflow.sdk.task'`.","category":"DeprecatedImportWarning","filename":"/opt/airflow/dags/parquet2gcp.py","lineno":3,"logger":"py.warnings"}
{"timestamp":"2026-02-05T11:20:46.527362Z","level":"info","event":"Filling up the DagBag from /opt/airflow/dags/parquet2gcp.py","logger":"airflow.models.dagbag.BundleDagBag","filename":"dagbag.py","lineno":593}
{"timestamp":"2026-02-05T11:20:46.792999Z","level":"warning","event":"The `airflow.decorators.task` attribute is deprecated. Please use `'airflow.sdk.task'`.","category":"DeprecatedImportWarning","filename":"/opt/airflow/dags/parquet2gcp.py","lineno":3,"logger":"py.warnings"}
{"timestamp":"2026-02-05T11:36:14.449747Z","level":"info","event":"Filling up the DagBag from /opt/airflow/dags/parquet2gcp.py","logger":"airflow.models.dagbag.BundleDagBag","filename":"dagbag.py","lineno":593}
{"timestamp":"2026-02-05T11:36:14.885010Z","level":"warning","event":"The `airflow.decorators.task` attribute is deprecated. Please use `'airflow.sdk.task'`.","category":"DeprecatedImportWarning","filename":"/opt/airflow/dags/parquet2gcp.py","lineno":3,"logger":"py.warnings"}
{"timestamp":"2026-02-05T11:37:09.195383Z","level":"info","event":"Filling up the DagBag from /opt/airflow/dags/parquet2gcp.py","logger":"airflow.models.dagbag.BundleDagBag","filename":"dagbag.py","lineno":593}
{"timestamp":"2026-02-05T11:37:09.412384Z","level":"warning","event":"The `airflow.decorators.task` attribute is deprecated. Please use `'airflow.sdk.task'`.","category":"DeprecatedImportWarning","filename":"/opt/airflow/dags/parquet2gcp.py","lineno":3,"logger":"py.warnings"}
{"timestamp":"2026-02-05T11:37:39.890057Z","level":"info","event":"Filling up the DagBag from /opt/airflow/dags/parquet2gcp.py","logger":"airflow.models.dagbag.BundleDagBag","filename":"dagbag.py","lineno":593}
{"timestamp":"2026-02-05T11:37:40.163188Z","level":"warning","event":"The `airflow.decorators.task` attribute is deprecated. Please use `'airflow.sdk.task'`.","category":"DeprecatedImportWarning","filename":"/opt/airflow/dags/parquet2gcp.py","lineno":3,"logger":"py.warnings"}
{"timestamp":"2026-02-05T11:38:10.581633Z","level":"info","event":"Filling up the DagBag from /opt/airflow/dags/parquet2gcp.py","logger":"airflow.models.dagbag.BundleDagBag","filename":"dagbag.py","lineno":593}
{"timestamp":"2026-02-05T11:38:10.799798Z","level":"warning","event":"The `airflow.decorators.task` attribute is deprecated. Please use `'airflow.sdk.task'`.","category":"DeprecatedImportWarning","filename":"/opt/airflow/dags/parquet2gcp.py","lineno":3,"logger":"py.warnings"}
{"timestamp":"2026-02-05T11:38:41.309875Z","level":"info","event":"Filling up the DagBag from /opt/airflow/dags/parquet2gcp.py","logger":"airflow.models.dagbag.BundleDagBag","filename":"dagbag.py","lineno":593}
{"timestamp":"2026-02-05T11:38:41.610681Z","level":"warning","event":"The `airflow.decorators.task` attribute is deprecated. Please use `'airflow.sdk.task'`.","category":"DeprecatedImportWarning","filename":"/opt/airflow/dags/parquet2gcp.py","lineno":3,"logger":"py.warnings"}
{"timestamp":"2026-02-05T11:39:12.093741Z","level":"info","event":"Filling up the DagBag from /opt/airflow/dags/parquet2gcp.py","logger":"airflow.models.dagbag.BundleDagBag","filename":"dagbag.py","lineno":593}
{"timestamp":"2026-02-05T11:39:12.354846Z","level":"warning","event":"The `airflow.decorators.task` attribute is deprecated. Please use `'airflow.sdk.task'`.","category":"DeprecatedImportWarning","filename":"/opt/airflow/dags/parquet2gcp.py","lineno":3,"logger":"py.warnings"}
{"timestamp":"2026-02-05T11:55:03.603987Z","level":"info","event":"Filling up the DagBag from /opt/airflow/dags/parquet2gcp.py","logger":"airflow.models.dagbag.BundleDagBag","filename":"dagbag.py","lineno":593}
{"timestamp":"2026-02-05T11:55:03.811480Z","level":"warning","event":"The `airflow.decorators.task` attribute is deprecated. Please use `'airflow.sdk.task'`.","category":"DeprecatedImportWarning","filename":"/opt/airflow/dags/parquet2gcp.py","lineno":3,"logger":"py.warnings"}
{"timestamp":"2026-02-05T11:58:53.931943Z","level":"info","event":"Filling up the DagBag from /opt/airflow/dags/parquet2gcp.py","logger":"airflow.models.dagbag.BundleDagBag","filename":"dagbag.py","lineno":593}
{"timestamp":"2026-02-05T11:58:54.187177Z","level":"warning","event":"The `airflow.decorators.task` attribute is deprecated. Please use `'airflow.sdk.task'`.","category":"DeprecatedImportWarning","filename":"/opt/airflow/dags/parquet2gcp.py","lineno":3,"logger":"py.warnings"}
{"timestamp":"2026-02-05T11:59:24.684117Z","level":"info","event":"Filling up the DagBag from /opt/airflow/dags/parquet2gcp.py","logger":"airflow.models.dagbag.BundleDagBag","filename":"dagbag.py","lineno":593}
{"timestamp":"2026-02-05T11:59:24.930208Z","level":"warning","event":"The `airflow.decorators.task` attribute is deprecated. Please use `'airflow.sdk.task'`.","category":"DeprecatedImportWarning","filename":"/opt/airflow/dags/parquet2gcp.py","lineno":3,"logger":"py.warnings"}
{"timestamp":"2026-02-05T12:15:19.231533Z","level":"info","event":"Filling up the DagBag from /opt/airflow/dags/parquet2gcp.py","logger":"airflow.models.dagbag.BundleDagBag","filename":"dagbag.py","lineno":593}
{"timestamp":"2026-02-05T12:15:19.475706Z","level":"warning","event":"The `airflow.decorators.task` attribute is deprecated. Please use `'airflow.sdk.task'`.","category":"DeprecatedImportWarning","filename":"/opt/airflow/dags/parquet2gcp.py","lineno":3,"logger":"py.warnings"}
{"timestamp":"2026-02-05T12:31:13.800281Z","level":"info","event":"Filling up the DagBag from /opt/airflow/dags/parquet2gcp.py","logger":"airflow.models.dagbag.BundleDagBag","filename":"dagbag.py","lineno":593}
{"timestamp":"2026-02-05T12:31:14.037183Z","level":"warning","event":"The `airflow.decorators.task` attribute is deprecated. Please use `'airflow.sdk.task'`.","category":"DeprecatedImportWarning","filename":"/opt/airflow/dags/parquet2gcp.py","lineno":3,"logger":"py.warnings"}
{"timestamp":"2026-02-05T12:31:44.476429Z","level":"info","event":"Filling up the DagBag from /opt/airflow/dags/parquet2gcp.py","logger":"airflow.models.dagbag.BundleDagBag","filename":"dagbag.py","lineno":593}
{"timestamp":"2026-02-05T12:31:44.737863Z","level":"warning","event":"The `airflow.decorators.task` attribute is deprecated. Please use `'airflow.sdk.task'`.","category":"DeprecatedImportWarning","filename":"/opt/airflow/dags/parquet2gcp.py","lineno":3,"logger":"py.warnings"}
{"timestamp":"2026-02-05T12:47:39.787600Z","level":"info","event":"Filling up the DagBag from /opt/airflow/dags/parquet2gcp.py","logger":"airflow.models.dagbag.BundleDagBag","filename":"dagbag.py","lineno":593}
{"timestamp":"2026-02-05T12:47:40.019789Z","level":"warning","event":"The `airflow.decorators.task` attribute is deprecated. Please use `'airflow.sdk.task'`.","category":"DeprecatedImportWarning","filename":"/opt/airflow/dags/parquet2gcp.py","lineno":3,"logger":"py.warnings"}
{"timestamp":"2026-02-05T12:48:10.478022Z","level":"info","event":"Filling up the DagBag from /opt/airflow/dags/parquet2gcp.py","logger":"airflow.models.dagbag.BundleDagBag","filename":"dagbag.py","lineno":593}
{"timestamp":"2026-02-05T12:48:10.689318Z","level":"warning","event":"The `airflow.decorators.task` attribute is deprecated. Please use `'airflow.sdk.task'`.","category":"DeprecatedImportWarning","filename":"/opt/airflow/dags/parquet2gcp.py","lineno":3,"logger":"py.warnings"}
{"timestamp":"2026-02-05T13:04:06.116970Z","level":"info","event":"Filling up the DagBag from /opt/airflow/dags/parquet2gcp.py","logger":"airflow.models.dagbag.BundleDagBag","filename":"dagbag.py","lineno":593}
{"timestamp":"2026-02-05T13:04:06.637465Z","level":"warning","event":"The `airflow.decorators.task` attribute is deprecated. Please use `'airflow.sdk.task'`.","category":"DeprecatedImportWarning","filename":"/opt/airflow/dags/parquet2gcp.py","lineno":3,"logger":"py.warnings"}
{"timestamp":"2026-02-05T13:08:05.951592Z","level":"info","event":"Filling up the DagBag from /opt/airflow/dags/parquet2gcp.py","logger":"airflow.models.dagbag.BundleDagBag","filename":"dagbag.py","lineno":593}
{"timestamp":"2026-02-05T13:08:06.390484Z","level":"warning","event":"The `airflow.decorators.task` attribute is deprecated. Please use `'airflow.sdk.task'`.","category":"DeprecatedImportWarning","filename":"/opt/airflow/dags/parquet2gcp.py","lineno":3,"logger":"py.warnings"}
{"timestamp":"2026-02-05T13:08:36.863364Z","level":"info","event":"Filling up the DagBag from /opt/airflow/dags/parquet2gcp.py","logger":"airflow.models.dagbag.BundleDagBag","filename":"dagbag.py","lineno":593}
{"timestamp":"2026-02-05T13:08:37.084438Z","level":"warning","event":"The `airflow.decorators.task` attribute is deprecated. Please use `'airflow.sdk.task'`.","category":"DeprecatedImportWarning","filename":"/opt/airflow/dags/parquet2gcp.py","lineno":3,"logger":"py.warnings"}
{"timestamp":"2026-02-05T13:09:07.561056Z","level":"info","event":"Filling up the DagBag from /opt/airflow/dags/parquet2gcp.py","logger":"airflow.models.dagbag.BundleDagBag","filename":"dagbag.py","lineno":593}
{"timestamp":"2026-02-05T13:09:07.788694Z","level":"warning","event":"The `airflow.decorators.task` attribute is deprecated. Please use `'airflow.sdk.task'`.","category":"DeprecatedImportWarning","filename":"/opt/airflow/dags/parquet2gcp.py","lineno":3,"logger":"py.warnings"}
{"timestamp":"2026-02-05T13:09:38.178494Z","level":"info","event":"Filling up the DagBag from /opt/airflow/dags/parquet2gcp.py","logger":"airflow.models.dagbag.BundleDagBag","filename":"dagbag.py","lineno":593}
{"timestamp":"2026-02-05T13:09:38.358342Z","level":"warning","event":"The `airflow.decorators.task` attribute is deprecated. Please use `'airflow.sdk.task'`.","category":"DeprecatedImportWarning","filename":"/opt/airflow/dags/parquet2gcp.py","lineno":3,"logger":"py.warnings"}
{"timestamp":"2026-02-05T13:22:01.194161Z","level":"info","event":"Filling up the DagBag from /opt/airflow/dags/parquet2gcp.py","logger":"airflow.models.dagbag.BundleDagBag","filename":"dagbag.py","lineno":593}
{"timestamp":"2026-02-05T13:22:01.473914Z","level":"warning","event":"The `airflow.decorators.task` attribute is deprecated. Please use `'airflow.sdk.task'`.","category":"DeprecatedImportWarning","filename":"/opt/airflow/dags/parquet2gcp.py","lineno":3,"logger":"py.warnings"}
{"timestamp":"2026-02-05T13:22:31.909499Z","level":"info","event":"Filling up the DagBag from /opt/airflow/dags/parquet2gcp.py","logger":"airflow.models.dagbag.BundleDagBag","filename":"dagbag.py","lineno":593}
{"timestamp":"2026-02-05T13:22:32.114908Z","level":"warning","event":"The `airflow.decorators.task` attribute is deprecated. Please use `'airflow.sdk.task'`.","category":"DeprecatedImportWarning","filename":"/opt/airflow/dags/parquet2gcp.py","lineno":3,"logger":"py.warnings"}
{"timestamp":"2026-02-05T13:38:26.376965Z","level":"info","event":"Filling up the DagBag from /opt/airflow/dags/parquet2gcp.py","logger":"airflow.models.dagbag.BundleDagBag","filename":"dagbag.py","lineno":593}
{"timestamp":"2026-02-05T13:38:26.724605Z","level":"warning","event":"The `airflow.decorators.task` attribute is deprecated. Please use `'airflow.sdk.task'`.","category":"DeprecatedImportWarning","filename":"/opt/airflow/dags/parquet2gcp.py","lineno":3,"logger":"py.warnings"}
{"timestamp":"2026-02-05T13:40:19.819116Z","level":"info","event":"Filling up the DagBag from /opt/airflow/dags/parquet2gcp.py","logger":"airflow.models.dagbag.BundleDagBag","filename":"dagbag.py","lineno":593}
{"timestamp":"2026-02-05T13:40:20.092861Z","level":"warning","event":"The `airflow.decorators.task` attribute is deprecated. Please use `'airflow.sdk.task'`.","category":"DeprecatedImportWarning","filename":"/opt/airflow/dags/parquet2gcp.py","lineno":3,"logger":"py.warnings"}
{"timestamp":"2026-02-05T13:40:50.598529Z","level":"info","event":"Filling up the DagBag from /opt/airflow/dags/parquet2gcp.py","logger":"airflow.models.dagbag.BundleDagBag","filename":"dagbag.py","lineno":593}
{"timestamp":"2026-02-05T13:40:50.817410Z","level":"warning","event":"The `airflow.decorators.task` attribute is deprecated. Please use `'airflow.sdk.task'`.","category":"DeprecatedImportWarning","filename":"/opt/airflow/dags/parquet2gcp.py","lineno":3,"logger":"py.warnings"}
{"timestamp":"2026-02-05T13:41:56.631707Z","level":"info","event":"Filling up the DagBag from /opt/airflow/dags/parquet2gcp.py","logger":"airflow.models.dagbag.BundleDagBag","filename":"dagbag.py","lineno":593}
{"timestamp":"2026-02-05T13:41:56.866386Z","level":"warning","event":"The `airflow.decorators.task` attribute is deprecated. Please use `'airflow.sdk.task'`.","category":"DeprecatedImportWarning","filename":"/opt/airflow/dags/parquet2gcp.py","lineno":3,"logger":"py.warnings"}
{"timestamp":"2026-02-05T13:42:27.322360Z","level":"info","event":"Filling up the DagBag from /opt/airflow/dags/parquet2gcp.py","logger":"airflow.models.dagbag.BundleDagBag","filename":"dagbag.py","lineno":593}
{"timestamp":"2026-02-05T13:42:27.548628Z","level":"warning","event":"The `airflow.decorators.task` attribute is deprecated. Please use `'airflow.sdk.task'`.","category":"DeprecatedImportWarning","filename":"/opt/airflow/dags/parquet2gcp.py","lineno":3,"logger":"py.warnings"}
{"timestamp":"2026-02-05T13:58:22.581616Z","level":"info","event":"Filling up the DagBag from /opt/airflow/dags/parquet2gcp.py","logger":"airflow.models.dagbag.BundleDagBag","filename":"dagbag.py","lineno":593}
{"timestamp":"2026-02-05T13:58:22.986864Z","level":"warning","event":"The `airflow.decorators.task` attribute is deprecated. Please use `'airflow.sdk.task'`.","category":"DeprecatedImportWarning","filename":"/opt/airflow/dags/parquet2gcp.py","lineno":3,"logger":"py.warnings"}
{"timestamp":"2026-02-05T13:58:53.401507Z","level":"info","event":"Filling up the DagBag from /opt/airflow/dags/parquet2gcp.py","logger":"airflow.models.dagbag.BundleDagBag","filename":"dagbag.py","lineno":593}
{"timestamp":"2026-02-05T13:58:53.612327Z","level":"warning","event":"The `airflow.decorators.task` attribute is deprecated. Please use `'airflow.sdk.task'`.","category":"DeprecatedImportWarning","filename":"/opt/airflow/dags/parquet2gcp.py","lineno":3,"logger":"py.warnings"}
{"timestamp":"2026-02-05T13:59:24.016459Z","level":"info","event":"Filling up the DagBag from /opt/airflow/dags/parquet2gcp.py","logger":"airflow.models.dagbag.BundleDagBag","filename":"dagbag.py","lineno":593}
{"timestamp":"2026-02-05T13:59:24.313303Z","level":"warning","event":"The `airflow.decorators.task` attribute is deprecated. Please use `'airflow.sdk.task'`.","category":"DeprecatedImportWarning","filename":"/opt/airflow/dags/parquet2gcp.py","lineno":3,"logger":"py.warnings"}
{"timestamp":"2026-02-05T13:59:54.726095Z","level":"info","event":"Filling up the DagBag from /opt/airflow/dags/parquet2gcp.py","logger":"airflow.models.dagbag.BundleDagBag","filename":"dagbag.py","lineno":593}
{"timestamp":"2026-02-05T13:59:54.933944Z","level":"warning","event":"The `airflow.decorators.task` attribute is deprecated. Please use `'airflow.sdk.task'`.","category":"DeprecatedImportWarning","filename":"/opt/airflow/dags/parquet2gcp.py","lineno":3,"logger":"py.warnings"}
{"timestamp":"2026-02-05T14:00:25.372093Z","level":"info","event":"Filling up the DagBag from /opt/airflow/dags/parquet2gcp.py","logger":"airflow.models.dagbag.BundleDagBag","filename":"dagbag.py","lineno":593}
{"timestamp":"2026-02-05T14:00:25.601396Z","level":"warning","event":"The `airflow.decorators.task` attribute is deprecated. Please use `'airflow.sdk.task'`.","category":"DeprecatedImportWarning","filename":"/opt/airflow/dags/parquet2gcp.py","lineno":3,"logger":"py.warnings"}
{"timestamp":"2026-02-05T14:04:39.387612Z","level":"info","event":"Filling up the DagBag from /opt/airflow/dags/parquet2gcp.py","logger":"airflow.models.dagbag.BundleDagBag","filename":"dagbag.py","lineno":593}
{"timestamp":"2026-02-05T14:04:39.777605Z","level":"warning","event":"The `airflow.decorators.task` attribute is deprecated. Please use `'airflow.sdk.task'`.","category":"DeprecatedImportWarning","filename":"/opt/airflow/dags/parquet2gcp.py","lineno":3,"logger":"py.warnings"}
{"timestamp":"2026-02-05T14:05:10.188085Z","level":"info","event":"Filling up the DagBag from /opt/airflow/dags/parquet2gcp.py","logger":"airflow.models.dagbag.BundleDagBag","filename":"dagbag.py","lineno":593}
{"timestamp":"2026-02-05T14:05:10.423692Z","level":"warning","event":"The `airflow.decorators.task` attribute is deprecated. Please use `'airflow.sdk.task'`.","category":"DeprecatedImportWarning","filename":"/opt/airflow/dags/parquet2gcp.py","lineno":3,"logger":"py.warnings"}
{"timestamp":"2026-02-05T14:05:40.872166Z","level":"info","event":"Filling up the DagBag from /opt/airflow/dags/parquet2gcp.py","logger":"airflow.models.dagbag.BundleDagBag","filename":"dagbag.py","lineno":593}
{"timestamp":"2026-02-05T14:05:41.086325Z","level":"warning","event":"The `airflow.decorators.task` attribute is deprecated. Please use `'airflow.sdk.task'`.","category":"DeprecatedImportWarning","filename":"/opt/airflow/dags/parquet2gcp.py","lineno":3,"logger":"py.warnings"}
{"timestamp":"2026-02-05T14:06:11.499502Z","level":"info","event":"Filling up the DagBag from /opt/airflow/dags/parquet2gcp.py","logger":"airflow.models.dagbag.BundleDagBag","filename":"dagbag.py","lineno":593}
{"timestamp":"2026-02-05T14:06:11.728652Z","level":"warning","event":"The `airflow.decorators.task` attribute is deprecated. Please use `'airflow.sdk.task'`.","category":"DeprecatedImportWarning","filename":"/opt/airflow/dags/parquet2gcp.py","lineno":3,"logger":"py.warnings"}
{"timestamp":"2026-02-05T14:22:04.839022Z","level":"info","event":"Filling up the DagBag from /opt/airflow/dags/parquet2gcp.py","logger":"airflow.models.dagbag.BundleDagBag","filename":"dagbag.py","lineno":593}
{"timestamp":"2026-02-05T14:22:05.143580Z","level":"warning","event":"The `airflow.decorators.task` attribute is deprecated. Please use `'airflow.sdk.task'`.","category":"DeprecatedImportWarning","filename":"/opt/airflow/dags/parquet2gcp.py","lineno":3,"logger":"py.warnings"}
{"timestamp":"2026-02-05T14:37:59.503307Z","level":"info","event":"Filling up the DagBag from /opt/airflow/dags/parquet2gcp.py","logger":"airflow.models.dagbag.BundleDagBag","filename":"dagbag.py","lineno":593}
{"timestamp":"2026-02-05T14:38:00.102167Z","level":"warning","event":"The `airflow.decorators.task` attribute is deprecated. Please use `'airflow.sdk.task'`.","category":"DeprecatedImportWarning","filename":"/opt/airflow/dags/parquet2gcp.py","lineno":3,"logger":"py.warnings"}
{"timestamp":"2026-02-05T14:38:30.595244Z","level":"info","event":"Filling up the DagBag from /opt/airflow/dags/parquet2gcp.py","logger":"airflow.models.dagbag.BundleDagBag","filename":"dagbag.py","lineno":593}
{"timestamp":"2026-02-05T14:38:30.823036Z","level":"warning","event":"The `airflow.decorators.task` attribute is deprecated. Please use `'airflow.sdk.task'`.","category":"DeprecatedImportWarning","filename":"/opt/airflow/dags/parquet2gcp.py","lineno":3,"logger":"py.warnings"}
{"timestamp":"2026-02-05T14:54:27.094394Z","level":"info","event":"Filling up the DagBag from /opt/airflow/dags/parquet2gcp.py","logger":"airflow.models.dagbag.BundleDagBag","filename":"dagbag.py","lineno":593}
{"timestamp":"2026-02-05T14:54:27.394158Z","level":"warning","event":"The `airflow.decorators.task` attribute is deprecated. Please use `'airflow.sdk.task'`.","category":"DeprecatedImportWarning","filename":"/opt/airflow/dags/parquet2gcp.py","lineno":3,"logger":"py.warnings"}
{"timestamp":"2026-02-05T15:10:23.603338Z","level":"info","event":"Filling up the DagBag from /opt/airflow/dags/parquet2gcp.py","logger":"airflow.models.dagbag.BundleDagBag","filename":"dagbag.py","lineno":593}
{"timestamp":"2026-02-05T15:10:23.919736Z","level":"warning","event":"The `airflow.decorators.task` attribute is deprecated. Please use `'airflow.sdk.task'`.","category":"DeprecatedImportWarning","filename":"/opt/airflow/dags/parquet2gcp.py","lineno":3,"logger":"py.warnings"}
{"timestamp":"2026-02-05T15:10:54.392235Z","level":"info","event":"Filling up the DagBag from /opt/airflow/dags/parquet2gcp.py","logger":"airflow.models.dagbag.BundleDagBag","filename":"dagbag.py","lineno":593}
{"timestamp":"2026-02-05T15:10:54.786977Z","level":"warning","event":"The `airflow.decorators.task` attribute is deprecated. Please use `'airflow.sdk.task'`.","category":"DeprecatedImportWarning","filename":"/opt/airflow/dags/parquet2gcp.py","lineno":3,"logger":"py.warnings"}
{"timestamp":"2026-02-05T15:23:14.752028Z","level":"info","event":"Filling up the DagBag from /opt/airflow/dags/parquet2gcp.py","logger":"airflow.models.dagbag.BundleDagBag","filename":"dagbag.py","lineno":593}
{"timestamp":"2026-02-05T15:23:14.981034Z","level":"warning","event":"The `airflow.decorators.task` attribute is deprecated. Please use `'airflow.sdk.task'`.","category":"DeprecatedImportWarning","filename":"/opt/airflow/dags/parquet2gcp.py","lineno":3,"logger":"py.warnings"}
{"timestamp":"2026-02-05T15:39:10.163409Z","level":"info","event":"Filling up the DagBag from /opt/airflow/dags/parquet2gcp.py","logger":"airflow.models.dagbag.BundleDagBag","filename":"dagbag.py","lineno":593}
{"timestamp":"2026-02-05T15:39:10.438017Z","level":"warning","event":"The `airflow.decorators.task` attribute is deprecated. Please use `'airflow.sdk.task'`.","category":"DeprecatedImportWarning","filename":"/opt/airflow/dags/parquet2gcp.py","lineno":3,"logger":"py.warnings"}
{"timestamp":"2026-02-05T15:39:40.874308Z","level":"info","event":"Filling up the DagBag from /opt/airflow/dags/parquet2gcp.py","logger":"airflow.models.dagbag.BundleDagBag","filename":"dagbag.py","lineno":593}
{"timestamp":"2026-02-05T15:39:41.142793Z","level":"warning","event":"The `airflow.decorators.task` attribute is deprecated. Please use `'airflow.sdk.task'`.","category":"DeprecatedImportWarning","filename":"/opt/airflow/dags/parquet2gcp.py","lineno":3,"logger":"py.warnings"}
{"timestamp":"2026-02-05T15:55:35.530813Z","level":"info","event":"Filling up the DagBag from /opt/airflow/dags/parquet2gcp.py","logger":"airflow.models.dagbag.BundleDagBag","filename":"dagbag.py","lineno":593}
{"timestamp":"2026-02-05T15:55:35.841237Z","level":"warning","event":"The `airflow.decorators.task` attribute is deprecated. Please use `'airflow.sdk.task'`.","category":"DeprecatedImportWarning","filename":"/opt/airflow/dags/parquet2gcp.py","lineno":3,"logger":"py.warnings"}
{"timestamp":"2026-02-05T15:56:06.235377Z","level":"info","event":"Filling up the DagBag from /opt/airflow/dags/parquet2gcp.py","logger":"airflow.models.dagbag.BundleDagBag","filename":"dagbag.py","lineno":593}
{"timestamp":"2026-02-05T15:56:06.472505Z","level":"warning","event":"The `airflow.decorators.task` attribute is deprecated. Please use `'airflow.sdk.task'`.","category":"DeprecatedImportWarning","filename":"/opt/airflow/dags/parquet2gcp.py","lineno":3,"logger":"py.warnings"}
{"timestamp":"2026-02-05T16:12:01.601938Z","level":"info","event":"Filling up the DagBag from /opt/airflow/dags/parquet2gcp.py","logger":"airflow.models.dagbag.BundleDagBag","filename":"dagbag.py","lineno":593}
{"timestamp":"2026-02-05T16:12:02.148194Z","level":"warning","event":"The `airflow.decorators.task` attribute is deprecated. Please use `'airflow.sdk.task'`.","category":"DeprecatedImportWarning","filename":"/opt/airflow/dags/parquet2gcp.py","lineno":3,"logger":"py.warnings"}
{"timestamp":"2026-02-05T16:24:07.329477Z","level":"info","event":"Filling up the DagBag from /opt/airflow/dags/parquet2gcp.py","logger":"airflow.models.dagbag.BundleDagBag","filename":"dagbag.py","lineno":593}
{"timestamp":"2026-02-05T16:24:07.582078Z","level":"warning","event":"The `airflow.decorators.task` attribute is deprecated. Please use `'airflow.sdk.task'`.","category":"DeprecatedImportWarning","filename":"/opt/airflow/dags/parquet2gcp.py","lineno":3,"logger":"py.warnings"}
{"timestamp":"2026-02-05T16:24:37.951875Z","level":"info","event":"Filling up the DagBag from /opt/airflow/dags/parquet2gcp.py","logger":"airflow.models.dagbag.BundleDagBag","filename":"dagbag.py","lineno":593}
{"timestamp":"2026-02-05T16:24:38.209214Z","level":"warning","event":"The `airflow.decorators.task` attribute is deprecated. Please use `'airflow.sdk.task'`.","category":"DeprecatedImportWarning","filename":"/opt/airflow/dags/parquet2gcp.py","lineno":3,"logger":"py.warnings"}
{"timestamp":"2026-02-05T16:40:31.543722Z","level":"info","event":"Filling up the DagBag from /opt/airflow/dags/parquet2gcp.py","logger":"airflow.models.dagbag.BundleDagBag","filename":"dagbag.py","lineno":593}
{"timestamp":"2026-02-05T16:40:31.868792Z","level":"warning","event":"The `airflow.decorators.task` attribute is deprecated. Please use `'airflow.sdk.task'`.","category":"DeprecatedImportWarning","filename":"/opt/airflow/dags/parquet2gcp.py","lineno":3,"logger":"py.warnings"}
{"timestamp":"2026-02-05T16:56:31.340126Z","level":"info","event":"Filling up the DagBag from /opt/airflow/dags/parquet2gcp.py","logger":"airflow.models.dagbag.BundleDagBag","filename":"dagbag.py","lineno":593}
{"timestamp":"2026-02-05T16:56:31.612914Z","level":"warning","event":"The `airflow.decorators.task` attribute is deprecated. Please use `'airflow.sdk.task'`.","category":"DeprecatedImportWarning","filename":"/opt/airflow/dags/parquet2gcp.py","lineno":3,"logger":"py.warnings"}
{"timestamp":"2026-02-05T16:57:02.006928Z","level":"info","event":"Filling up the DagBag from /opt/airflow/dags/parquet2gcp.py","logger":"airflow.models.dagbag.BundleDagBag","filename":"dagbag.py","lineno":593}
{"timestamp":"2026-02-05T16:57:02.248028Z","level":"warning","event":"The `airflow.decorators.task` attribute is deprecated. Please use `'airflow.sdk.task'`.","category":"DeprecatedImportWarning","filename":"/opt/airflow/dags/parquet2gcp.py","lineno":3,"logger":"py.warnings"}
{"timestamp":"2026-02-05T17:13:18.379048Z","level":"info","event":"Filling up the DagBag from /opt/airflow/dags/parquet2gcp.py","logger":"airflow.models.dagbag.BundleDagBag","filename":"dagbag.py","lineno":593}
{"timestamp":"2026-02-05T17:13:18.833892Z","level":"warning","event":"The `airflow.decorators.task` attribute is deprecated. Please use `'airflow.sdk.task'`.","category":"DeprecatedImportWarning","filename":"/opt/airflow/dags/parquet2gcp.py","lineno":3,"logger":"py.warnings"}
{"timestamp":"2026-02-05T17:13:49.228045Z","level":"info","event":"Filling up the DagBag from /opt/airflow/dags/parquet2gcp.py","logger":"airflow.models.dagbag.BundleDagBag","filename":"dagbag.py","lineno":593}
{"timestamp":"2026-02-05T17:13:49.527978Z","level":"warning","event":"The `airflow.decorators.task` attribute is deprecated. Please use `'airflow.sdk.task'`.","category":"DeprecatedImportWarning","filename":"/opt/airflow/dags/parquet2gcp.py","lineno":3,"logger":"py.warnings"}
{"timestamp":"2026-02-05T17:25:17.785155Z","level":"info","event":"Filling up the DagBag from /opt/airflow/dags/parquet2gcp.py","logger":"airflow.models.dagbag.BundleDagBag","filename":"dagbag.py","lineno":593}
{"timestamp":"2026-02-05T17:25:18.004779Z","level":"warning","event":"The `airflow.decorators.task` attribute is deprecated. Please use `'airflow.sdk.task'`.","category":"DeprecatedImportWarning","filename":"/opt/airflow/dags/parquet2gcp.py","lineno":3,"logger":"py.warnings"}
{"timestamp":"2026-02-05T17:40:50.503998Z","level":"info","event":"Filling up the DagBag from /opt/airflow/dags/parquet2gcp.py","logger":"airflow.models.dagbag.BundleDagBag","filename":"dagbag.py","lineno":593}
{"timestamp":"2026-02-05T17:40:50.796804Z","level":"warning","event":"The `airflow.decorators.task` attribute is deprecated. Please use `'airflow.sdk.task'`.","category":"DeprecatedImportWarning","filename":"/opt/airflow/dags/parquet2gcp.py","lineno":3,"logger":"py.warnings"}
{"timestamp":"2026-02-05T17:41:45.302325Z","level":"info","event":"Filling up the DagBag from /opt/airflow/dags/parquet2gcp.py","logger":"airflow.models.dagbag.BundleDagBag","filename":"dagbag.py","lineno":593}
{"timestamp":"2026-02-05T17:41:45.597929Z","level":"warning","event":"The `airflow.decorators.task` attribute is deprecated. Please use `'airflow.sdk.task'`.","category":"DeprecatedImportWarning","filename":"/opt/airflow/dags/parquet2gcp.py","lineno":3,"logger":"py.warnings"}
{"timestamp":"2026-02-05T17:57:40.852864Z","level":"info","event":"Filling up the DagBag from /opt/airflow/dags/parquet2gcp.py","logger":"airflow.models.dagbag.BundleDagBag","filename":"dagbag.py","lineno":593}
{"timestamp":"2026-02-05T17:57:41.261586Z","level":"warning","event":"The `airflow.decorators.task` attribute is deprecated. Please use `'airflow.sdk.task'`.","category":"DeprecatedImportWarning","filename":"/opt/airflow/dags/parquet2gcp.py","lineno":3,"logger":"py.warnings"}
{"timestamp":"2026-02-05T17:58:11.704002Z","level":"info","event":"Filling up the DagBag from /opt/airflow/dags/parquet2gcp.py","logger":"airflow.models.dagbag.BundleDagBag","filename":"dagbag.py","lineno":593}
{"timestamp":"2026-02-05T17:58:11.942788Z","level":"warning","event":"The `airflow.decorators.task` attribute is deprecated. Please use `'airflow.sdk.task'`.","category":"DeprecatedImportWarning","filename":"/opt/airflow/dags/parquet2gcp.py","lineno":3,"logger":"py.warnings"}
{"timestamp":"2026-02-05T18:14:07.042747Z","level":"info","event":"Filling up the DagBag from /opt/airflow/dags/parquet2gcp.py","logger":"airflow.models.dagbag.BundleDagBag","filename":"dagbag.py","lineno":593}
{"timestamp":"2026-02-05T18:14:07.607093Z","level":"warning","event":"The `airflow.decorators.task` attribute is deprecated. Please use `'airflow.sdk.task'`.","category":"DeprecatedImportWarning","filename":"/opt/airflow/dags/parquet2gcp.py","lineno":3,"logger":"py.warnings"}
{"timestamp":"2026-02-05T18:26:04.448598Z","level":"info","event":"Filling up the DagBag from /opt/airflow/dags/parquet2gcp.py","logger":"airflow.models.dagbag.BundleDagBag","filename":"dagbag.py","lineno":593}
{"timestamp":"2026-02-05T18:26:04.748879Z","level":"warning","event":"The `airflow.decorators.task` attribute is deprecated. Please use `'airflow.sdk.task'`.","category":"DeprecatedImportWarning","filename":"/opt/airflow/dags/parquet2gcp.py","lineno":3,"logger":"py.warnings"}
{"timestamp":"2026-02-05T18:26:35.175915Z","level":"info","event":"Filling up the DagBag from /opt/airflow/dags/parquet2gcp.py","logger":"airflow.models.dagbag.BundleDagBag","filename":"dagbag.py","lineno":593}
{"timestamp":"2026-02-05T18:26:35.434261Z","level":"warning","event":"The `airflow.decorators.task` attribute is deprecated. Please use `'airflow.sdk.task'`.","category":"DeprecatedImportWarning","filename":"/opt/airflow/dags/parquet2gcp.py","lineno":3,"logger":"py.warnings"}
{"timestamp":"2026-02-05T18:42:30.766243Z","level":"info","event":"Filling up the DagBag from /opt/airflow/dags/parquet2gcp.py","logger":"airflow.models.dagbag.BundleDagBag","filename":"dagbag.py","lineno":593}
{"timestamp":"2026-02-05T18:42:31.138942Z","level":"warning","event":"The `airflow.decorators.task` attribute is deprecated. Please use `'airflow.sdk.task'`.","category":"DeprecatedImportWarning","filename":"/opt/airflow/dags/parquet2gcp.py","lineno":3,"logger":"py.warnings"}
{"timestamp":"2026-02-05T18:58:25.553634Z","level":"info","event":"Filling up the DagBag from /opt/airflow/dags/parquet2gcp.py","logger":"airflow.models.dagbag.BundleDagBag","filename":"dagbag.py","lineno":593}
{"timestamp":"2026-02-05T18:58:25.925094Z","level":"warning","event":"The `airflow.decorators.task` attribute is deprecated. Please use `'airflow.sdk.task'`.","category":"DeprecatedImportWarning","filename":"/opt/airflow/dags/parquet2gcp.py","lineno":3,"logger":"py.warnings"}
{"timestamp":"2026-02-05T18:58:56.429312Z","level":"info","event":"Filling up the DagBag from /opt/airflow/dags/parquet2gcp.py","logger":"airflow.models.dagbag.BundleDagBag","filename":"dagbag.py","lineno":593}
{"timestamp":"2026-02-05T18:58:56.768394Z","level":"warning","event":"The `airflow.decorators.task` attribute is deprecated. Please use `'airflow.sdk.task'`.","category":"DeprecatedImportWarning","filename":"/opt/airflow/dags/parquet2gcp.py","lineno":3,"logger":"py.warnings"}
{"timestamp":"2026-02-05T19:14:44.605517Z","level":"info","event":"Filling up the DagBag from /opt/airflow/dags/parquet2gcp.py","logger":"airflow.models.dagbag.BundleDagBag","filename":"dagbag.py","lineno":593}
{"timestamp":"2026-02-05T19:14:44.882463Z","level":"warning","event":"The `airflow.decorators.task` attribute is deprecated. Please use `'airflow.sdk.task'`.","category":"DeprecatedImportWarning","filename":"/opt/airflow/dags/parquet2gcp.py","lineno":3,"logger":"py.warnings"}
{"timestamp":"2026-02-05T19:27:13.657548Z","level":"info","event":"Filling up the DagBag from /opt/airflow/dags/parquet2gcp.py","logger":"airflow.models.dagbag.BundleDagBag","filename":"dagbag.py","lineno":593}
{"timestamp":"2026-02-05T19:27:13.900086Z","level":"warning","event":"The `airflow.decorators.task` attribute is deprecated. Please use `'airflow.sdk.task'`.","category":"DeprecatedImportWarning","filename":"/opt/airflow/dags/parquet2gcp.py","lineno":3,"logger":"py.warnings"}
{"timestamp":"2026-02-05T19:27:44.317485Z","level":"info","event":"Filling up the DagBag from /opt/airflow/dags/parquet2gcp.py","logger":"airflow.models.dagbag.BundleDagBag","filename":"dagbag.py","lineno":593}
{"timestamp":"2026-02-05T19:27:44.657894Z","level":"warning","event":"The `airflow.decorators.task` attribute is deprecated. Please use `'airflow.sdk.task'`.","category":"DeprecatedImportWarning","filename":"/opt/airflow/dags/parquet2gcp.py","lineno":3,"logger":"py.warnings"}
{"timestamp":"2026-02-05T19:43:39.909215Z","level":"info","event":"Filling up the DagBag from /opt/airflow/dags/parquet2gcp.py","logger":"airflow.models.dagbag.BundleDagBag","filename":"dagbag.py","lineno":593}
{"timestamp":"2026-02-05T19:43:40.122832Z","level":"warning","event":"The `airflow.decorators.task` attribute is deprecated. Please use `'airflow.sdk.task'`.","category":"DeprecatedImportWarning","filename":"/opt/airflow/dags/parquet2gcp.py","lineno":3,"logger":"py.warnings"}
{"timestamp":"2026-02-05T20:00:41.799180Z","level":"info","event":"Filling up the DagBag from /opt/airflow/dags/parquet2gcp.py","logger":"airflow.models.dagbag.BundleDagBag","filename":"dagbag.py","lineno":593}
{"timestamp":"2026-02-05T20:00:42.032747Z","level":"warning","event":"The `airflow.decorators.task` attribute is deprecated. Please use `'airflow.sdk.task'`.","category":"DeprecatedImportWarning","filename":"/opt/airflow/dags/parquet2gcp.py","lineno":3,"logger":"py.warnings"}
{"timestamp":"2026-02-05T20:28:14.287753Z","level":"info","event":"Filling up the DagBag from /opt/airflow/dags/parquet2gcp.py","logger":"airflow.models.dagbag.BundleDagBag","filename":"dagbag.py","lineno":593}
{"timestamp":"2026-02-05T20:28:14.527884Z","level":"warning","event":"The `airflow.decorators.task` attribute is deprecated. Please use `'airflow.sdk.task'`.","category":"DeprecatedImportWarning","filename":"/opt/airflow/dags/parquet2gcp.py","lineno":3,"logger":"py.warnings"}
{"timestamp":"2026-02-05T20:28:44.962022Z","level":"info","event":"Filling up the DagBag from /opt/airflow/dags/parquet2gcp.py","logger":"airflow.models.dagbag.BundleDagBag","filename":"dagbag.py","lineno":593}
{"timestamp":"2026-02-05T20:28:45.266752Z","level":"warning","event":"The `airflow.decorators.task` attribute is deprecated. Please use `'airflow.sdk.task'`.","category":"DeprecatedImportWarning","filename":"/opt/airflow/dags/parquet2gcp.py","lineno":3,"logger":"py.warnings"}
{"timestamp":"2026-02-05T20:44:41.267656Z","level":"info","event":"Filling up the DagBag from /opt/airflow/dags/parquet2gcp.py","logger":"airflow.models.dagbag.BundleDagBag","filename":"dagbag.py","lineno":593}
{"timestamp":"2026-02-05T20:44:41.555887Z","level":"warning","event":"The `airflow.decorators.task` attribute is deprecated. Please use `'airflow.sdk.task'`.","category":"DeprecatedImportWarning","filename":"/opt/airflow/dags/parquet2gcp.py","lineno":3,"logger":"py.warnings"}
{"timestamp":"2026-02-05T21:00:35.273734Z","level":"info","event":"Filling up the DagBag from /opt/airflow/dags/parquet2gcp.py","logger":"airflow.models.dagbag.BundleDagBag","filename":"dagbag.py","lineno":593}
{"timestamp":"2026-02-05T21:00:35.648177Z","level":"warning","event":"The `airflow.decorators.task` attribute is deprecated. Please use `'airflow.sdk.task'`.","category":"DeprecatedImportWarning","filename":"/opt/airflow/dags/parquet2gcp.py","lineno":3,"logger":"py.warnings"}
{"timestamp":"2026-02-05T21:01:06.061599Z","level":"info","event":"Filling up the DagBag from /opt/airflow/dags/parquet2gcp.py","logger":"airflow.models.dagbag.BundleDagBag","filename":"dagbag.py","lineno":593}
{"timestamp":"2026-02-05T21:01:06.343084Z","level":"warning","event":"The `airflow.decorators.task` attribute is deprecated. Please use `'airflow.sdk.task'`.","category":"DeprecatedImportWarning","filename":"/opt/airflow/dags/parquet2gcp.py","lineno":3,"logger":"py.warnings"}
{"timestamp":"2026-02-05T21:17:01.536273Z","level":"info","event":"Filling up the DagBag from /opt/airflow/dags/parquet2gcp.py","logger":"airflow.models.dagbag.BundleDagBag","filename":"dagbag.py","lineno":593}
{"timestamp":"2026-02-05T21:17:01.847154Z","level":"warning","event":"The `airflow.decorators.task` attribute is deprecated. Please use `'airflow.sdk.task'`.","category":"DeprecatedImportWarning","filename":"/opt/airflow/dags/parquet2gcp.py","lineno":3,"logger":"py.warnings"}
{"timestamp":"2026-02-05T21:29:00.409415Z","level":"info","event":"Filling up the DagBag from /opt/airflow/dags/parquet2gcp.py","logger":"airflow.models.dagbag.BundleDagBag","filename":"dagbag.py","lineno":593}
{"timestamp":"2026-02-05T21:29:00.700297Z","level":"warning","event":"The `airflow.decorators.task` attribute is deprecated. Please use `'airflow.sdk.task'`.","category":"DeprecatedImportWarning","filename":"/opt/airflow/dags/parquet2gcp.py","lineno":3,"logger":"py.warnings"}
{"timestamp":"2026-02-05T21:29:31.097794Z","level":"info","event":"Filling up the DagBag from /opt/airflow/dags/parquet2gcp.py","logger":"airflow.models.dagbag.BundleDagBag","filename":"dagbag.py","lineno":593}
{"timestamp":"2026-02-05T21:29:31.305565Z","level":"warning","event":"The `airflow.decorators.task` attribute is deprecated. Please use `'airflow.sdk.task'`.","category":"DeprecatedImportWarning","filename":"/opt/airflow/dags/parquet2gcp.py","lineno":3,"logger":"py.warnings"}
{"timestamp":"2026-02-05T21:45:31.158951Z","level":"info","event":"Filling up the DagBag from /opt/airflow/dags/parquet2gcp.py","logger":"airflow.models.dagbag.BundleDagBag","filename":"dagbag.py","lineno":593}
{"timestamp":"2026-02-05T21:45:31.522294Z","level":"warning","event":"The `airflow.decorators.task` attribute is deprecated. Please use `'airflow.sdk.task'`.","category":"DeprecatedImportWarning","filename":"/opt/airflow/dags/parquet2gcp.py","lineno":3,"logger":"py.warnings"}
{"timestamp":"2026-02-05T21:46:01.957471Z","level":"info","event":"Filling up the DagBag from /opt/airflow/dags/parquet2gcp.py","logger":"airflow.models.dagbag.BundleDagBag","filename":"dagbag.py","lineno":593}
{"timestamp":"2026-02-05T21:46:02.300175Z","level":"warning","event":"The `airflow.decorators.task` attribute is deprecated. Please use `'airflow.sdk.task'`.","category":"DeprecatedImportWarning","filename":"/opt/airflow/dags/parquet2gcp.py","lineno":3,"logger":"py.warnings"}
{"timestamp":"2026-02-05T22:01:56.506029Z","level":"info","event":"Filling up the DagBag from /opt/airflow/dags/parquet2gcp.py","logger":"airflow.models.dagbag.BundleDagBag","filename":"dagbag.py","lineno":593}
{"timestamp":"2026-02-05T22:01:56.743301Z","level":"warning","event":"The `airflow.decorators.task` attribute is deprecated. Please use `'airflow.sdk.task'`.","category":"DeprecatedImportWarning","filename":"/opt/airflow/dags/parquet2gcp.py","lineno":3,"logger":"py.warnings"}
{"timestamp":"2026-02-05T22:02:27.823698Z","level":"info","event":"Filling up the DagBag from /opt/airflow/dags/parquet2gcp.py","logger":"airflow.models.dagbag.BundleDagBag","filename":"dagbag.py","lineno":593}
{"timestamp":"2026-02-05T22:02:28.144809Z","level":"warning","event":"The `airflow.decorators.task` attribute is deprecated. Please use `'airflow.sdk.task'`.","category":"DeprecatedImportWarning","filename":"/opt/airflow/dags/parquet2gcp.py","lineno":3,"logger":"py.warnings"}
{"timestamp":"2026-02-05T22:02:58.609141Z","level":"info","event":"Filling up the DagBag from /opt/airflow/dags/parquet2gcp.py","logger":"airflow.models.dagbag.BundleDagBag","filename":"dagbag.py","lineno":593}
{"timestamp":"2026-02-05T22:02:58.822884Z","level":"warning","event":"The `airflow.decorators.task` attribute is deprecated. Please use `'airflow.sdk.task'`.","category":"DeprecatedImportWarning","filename":"/opt/airflow/dags/parquet2gcp.py","lineno":3,"logger":"py.warnings"}
{"timestamp":"2026-02-05T22:06:44.142728Z","level":"info","event":"Filling up the DagBag from /opt/airflow/dags/parquet2gcp.py","logger":"airflow.models.dagbag.BundleDagBag","filename":"dagbag.py","lineno":593}
{"timestamp":"2026-02-05T22:06:44.402869Z","level":"warning","event":"The `airflow.decorators.task` attribute is deprecated. Please use `'airflow.sdk.task'`.","category":"DeprecatedImportWarning","filename":"/opt/airflow/dags/parquet2gcp.py","lineno":3,"logger":"py.warnings"}
{"timestamp":"2026-02-05T22:07:14.906467Z","level":"info","event":"Filling up the DagBag from /opt/airflow/dags/parquet2gcp.py","logger":"airflow.models.dagbag.BundleDagBag","filename":"dagbag.py","lineno":593}
{"timestamp":"2026-02-05T22:07:15.127767Z","level":"warning","event":"The `airflow.decorators.task` attribute is deprecated. Please use `'airflow.sdk.task'`.","category":"DeprecatedImportWarning","filename":"/opt/airflow/dags/parquet2gcp.py","lineno":3,"logger":"py.warnings"}
{"timestamp":"2026-02-05T22:07:45.566594Z","level":"info","event":"Filling up the DagBag from /opt/airflow/dags/parquet2gcp.py","logger":"airflow.models.dagbag.BundleDagBag","filename":"dagbag.py","lineno":593}
{"timestamp":"2026-02-05T22:07:45.801556Z","level":"warning","event":"The `airflow.decorators.task` attribute is deprecated. Please use `'airflow.sdk.task'`.","category":"DeprecatedImportWarning","filename":"/opt/airflow/dags/parquet2gcp.py","lineno":3,"logger":"py.warnings"}
{"timestamp":"2026-02-05T22:08:16.265934Z","level":"info","event":"Filling up the DagBag from /opt/airflow/dags/parquet2gcp.py","logger":"airflow.models.dagbag.BundleDagBag","filename":"dagbag.py","lineno":593}
{"timestamp":"2026-02-05T22:08:16.474449Z","level":"warning","event":"The `airflow.decorators.task` attribute is deprecated. Please use `'airflow.sdk.task'`.","category":"DeprecatedImportWarning","filename":"/opt/airflow/dags/parquet2gcp.py","lineno":3,"logger":"py.warnings"}
{"timestamp":"2026-02-05T22:24:13.712072Z","level":"info","event":"Filling up the DagBag from /opt/airflow/dags/parquet2gcp.py","logger":"airflow.models.dagbag.BundleDagBag","filename":"dagbag.py","lineno":593}
{"timestamp":"2026-02-05T22:24:13.965353Z","level":"warning","event":"The `airflow.decorators.task` attribute is deprecated. Please use `'airflow.sdk.task'`.","category":"DeprecatedImportWarning","filename":"/opt/airflow/dags/parquet2gcp.py","lineno":3,"logger":"py.warnings"}
{"timestamp":"2026-02-05T22:24:44.414960Z","level":"info","event":"Filling up the DagBag from /opt/airflow/dags/parquet2gcp.py","logger":"airflow.models.dagbag.BundleDagBag","filename":"dagbag.py","lineno":593}
{"timestamp":"2026-02-05T22:24:44.657257Z","level":"warning","event":"The `airflow.decorators.task` attribute is deprecated. Please use `'airflow.sdk.task'`.","category":"DeprecatedImportWarning","filename":"/opt/airflow/dags/parquet2gcp.py","lineno":3,"logger":"py.warnings"}
{"timestamp":"2026-02-05T22:30:23.977204Z","level":"info","event":"Filling up the DagBag from /opt/airflow/dags/parquet2gcp.py","logger":"airflow.models.dagbag.BundleDagBag","filename":"dagbag.py","lineno":593}
{"timestamp":"2026-02-05T22:30:24.504346Z","level":"warning","event":"The `airflow.decorators.task` attribute is deprecated. Please use `'airflow.sdk.task'`.","category":"DeprecatedImportWarning","filename":"/opt/airflow/dags/parquet2gcp.py","lineno":3,"logger":"py.warnings"}
{"timestamp":"2026-02-05T22:46:19.665348Z","level":"info","event":"Filling up the DagBag from /opt/airflow/dags/parquet2gcp.py","logger":"airflow.models.dagbag.BundleDagBag","filename":"dagbag.py","lineno":593}
{"timestamp":"2026-02-05T22:46:20.017874Z","level":"warning","event":"The `airflow.decorators.task` attribute is deprecated. Please use `'airflow.sdk.task'`.","category":"DeprecatedImportWarning","filename":"/opt/airflow/dags/parquet2gcp.py","lineno":3,"logger":"py.warnings"}
{"timestamp":"2026-02-05T22:46:50.467469Z","level":"info","event":"Filling up the DagBag from /opt/airflow/dags/parquet2gcp.py","logger":"airflow.models.dagbag.BundleDagBag","filename":"dagbag.py","lineno":593}
{"timestamp":"2026-02-05T22:46:50.737651Z","level":"warning","event":"The `airflow.decorators.task` attribute is deprecated. Please use `'airflow.sdk.task'`.","category":"DeprecatedImportWarning","filename":"/opt/airflow/dags/parquet2gcp.py","lineno":3,"logger":"py.warnings"}
{"timestamp":"2026-02-05T22:50:42.723419Z","level":"info","event":"Filling up the DagBag from /opt/airflow/dags/parquet2gcp.py","logger":"airflow.models.dagbag.BundleDagBag","filename":"dagbag.py","lineno":593}
{"timestamp":"2026-02-05T22:50:42.966788Z","level":"warning","event":"The `airflow.decorators.task` attribute is deprecated. Please use `'airflow.sdk.task'`.","category":"DeprecatedImportWarning","filename":"/opt/airflow/dags/parquet2gcp.py","lineno":3,"logger":"py.warnings"}
{"timestamp":"2026-02-05T23:06:38.160750Z","level":"info","event":"Filling up the DagBag from /opt/airflow/dags/parquet2gcp.py","logger":"airflow.models.dagbag.BundleDagBag","filename":"dagbag.py","lineno":593}
{"timestamp":"2026-02-05T23:06:38.420131Z","level":"warning","event":"The `airflow.decorators.task` attribute is deprecated. Please use `'airflow.sdk.task'`.","category":"DeprecatedImportWarning","filename":"/opt/airflow/dags/parquet2gcp.py","lineno":3,"logger":"py.warnings"}
{"timestamp":"2026-02-05T23:07:08.875363Z","level":"info","event":"Filling up the DagBag from /opt/airflow/dags/parquet2gcp.py","logger":"airflow.models.dagbag.BundleDagBag","filename":"dagbag.py","lineno":593}
{"timestamp":"2026-02-05T23:07:09.116731Z","level":"warning","event":"The `airflow.decorators.task` attribute is deprecated. Please use `'airflow.sdk.task'`.","category":"DeprecatedImportWarning","filename":"/opt/airflow/dags/parquet2gcp.py","lineno":3,"logger":"py.warnings"}
{"timestamp":"2026-02-05T23:23:03.263844Z","level":"info","event":"Filling up the DagBag from /opt/airflow/dags/parquet2gcp.py","logger":"airflow.models.dagbag.BundleDagBag","filename":"dagbag.py","lineno":593}
{"timestamp":"2026-02-05T23:23:03.536274Z","level":"warning","event":"The `airflow.decorators.task` attribute is deprecated. Please use `'airflow.sdk.task'`.","category":"DeprecatedImportWarning","filename":"/opt/airflow/dags/parquet2gcp.py","lineno":3,"logger":"py.warnings"}
{"timestamp":"2026-02-05T23:30:59.453914Z","level":"info","event":"Filling up the DagBag from /opt/airflow/dags/parquet2gcp.py","logger":"airflow.models.dagbag.BundleDagBag","filename":"dagbag.py","lineno":593}
{"timestamp":"2026-02-05T23:30:59.708619Z","level":"warning","event":"The `airflow.decorators.task` attribute is deprecated. Please use `'airflow.sdk.task'`.","category":"DeprecatedImportWarning","filename":"/opt/airflow/dags/parquet2gcp.py","lineno":3,"logger":"py.warnings"}
{"timestamp":"2026-02-05T23:31:30.262485Z","level":"info","event":"Filling up the DagBag from /opt/airflow/dags/parquet2gcp.py","logger":"airflow.models.dagbag.BundleDagBag","filename":"dagbag.py","lineno":593}
{"timestamp":"2026-02-05T23:31:30.484166Z","level":"warning","event":"The `airflow.decorators.task` attribute is deprecated. Please use `'airflow.sdk.task'`.","category":"DeprecatedImportWarning","filename":"/opt/airflow/dags/parquet2gcp.py","lineno":3,"logger":"py.warnings"}
{"timestamp":"2026-02-05T23:47:24.707438Z","level":"info","event":"Filling up the DagBag from /opt/airflow/dags/parquet2gcp.py","logger":"airflow.models.dagbag.BundleDagBag","filename":"dagbag.py","lineno":593}
{"timestamp":"2026-02-05T23:47:24.970574Z","level":"warning","event":"The `airflow.decorators.task` attribute is deprecated. Please use `'airflow.sdk.task'`.","category":"DeprecatedImportWarning","filename":"/opt/airflow/dags/parquet2gcp.py","lineno":3,"logger":"py.warnings"}
{"timestamp":"2026-02-05T23:47:55.396630Z","level":"info","event":"Filling up the DagBag from /opt/airflow/dags/parquet2gcp.py","logger":"airflow.models.dagbag.BundleDagBag","filename":"dagbag.py","lineno":593}
{"timestamp":"2026-02-05T23:47:55.626832Z","level":"warning","event":"The `airflow.decorators.task` attribute is deprecated. Please use `'airflow.sdk.task'`.","category":"DeprecatedImportWarning","filename":"/opt/airflow/dags/parquet2gcp.py","lineno":3,"logger":"py.warnings"}
{"timestamp":"2026-02-05T23:52:40.982296Z","level":"info","event":"Filling up the DagBag from /opt/airflow/dags/parquet2gcp.py","logger":"airflow.models.dagbag.BundleDagBag","filename":"dagbag.py","lineno":593}
{"timestamp":"2026-02-05T23:52:41.253792Z","level":"warning","event":"The `airflow.decorators.task` attribute is deprecated. Please use `'airflow.sdk.task'`.","category":"DeprecatedImportWarning","filename":"/opt/airflow/dags/parquet2gcp.py","lineno":3,"logger":"py.warnings"}
